[03-Nov-2025 16:16:30 Europe/Berlin] [PCU RFID] Attempting database connection to pcu_rfid2
[03-Nov-2025 16:16:30 Europe/Berlin] [PCU RFID] Database connection successful
[03-Nov-2025 16:16:32 Europe/Berlin] Password reset error: SMTP Error: Could not authenticate.
[03-Nov-2025 16:45:40 Europe/Berlin] [PCU RFID] Attempting database connection to pcu_rfid2
[03-Nov-2025 16:45:40 Europe/Berlin] [PCU RFID] Database connection successful
[03-Nov-2025 16:45:43 Europe/Berlin] Email sent successfully to mrk.ramos118@gmail.com
[03-Nov-2025 16:45:43 Europe/Berlin] PHP Warning:  Cannot modify header information - headers already sent by (output started at C:\xampp\htdocs\pcuRFID2\vendor\phpmailer\phpmailer\src\SMTP.php:314) in C:\xampp\htdocs\pcuRFID2\reset_password.php on line 117
[03-Nov-2025 16:46:53 Europe/Berlin] [PCU RFID] Attempting database connection to pcu_rfid2
[03-Nov-2025 16:46:53 Europe/Berlin] [PCU RFID] Database connection successful
[03-Nov-2025 16:46:56 Europe/Berlin] Email sent successfully to mrk.ramos118@gmail.com
[04-Nov-2025 14:17:07 Europe/Berlin] [PCU RFID] Attempting database connection to pcu_rfid2
[04-Nov-2025 14:17:07 Europe/Berlin] [PCU RFID] Database connection successful
[04-Nov-2025 14:17:07 Europe/Berlin] [PCU RFID] Attempting database connection to pcu_rfid2
[04-Nov-2025 14:17:07 Europe/Berlin] [PCU RFID] Database connection successful
[04-Nov-2025 14:17:26 Europe/Berlin] [PCU RFID] Attempting database connection to pcu_rfid2
[04-Nov-2025 14:17:26 Europe/Berlin] [PCU RFID] Database connection successful
[04-Nov-2025 14:17:30 Europe/Berlin] Email sent successfully to mrk.ramos118@gmail.com
[04-Nov-2025 14:19:21 Europe/Berlin] [PCU RFID] Attempting database connection to pcu_rfid2
[04-Nov-2025 14:19:21 Europe/Berlin] [PCU RFID] Database connection successful
[04-Nov-2025 14:19:21 Europe/Berlin] Password reset error: SQLSTATE[42S02]: Base table or view not found: 1146 Table 'pcu_rfid2.password_resets' doesn't exist
[05-Nov-2025 00:24:09 Europe/Berlin] [PCU RFID] Attempting database connection to pcu_rfid2
[05-Nov-2025 00:24:09 Europe/Berlin] [PCU RFID] Database connection successful
[05-Nov-2025 00:24:09 Europe/Berlin] Password reset error: SQLSTATE[42S02]: Base table or view not found: 1146 Table 'pcu_rfid2.password_resets' doesn't exist
[05-Nov-2025 00:24:26 Europe/Berlin] [PCU RFID] Attempting database connection to pcu_rfid2
[05-Nov-2025 00:24:26 Europe/Berlin] [PCU RFID] Database connection successful
[05-Nov-2025 00:24:26 Europe/Berlin] Password reset error: SQLSTATE[42S02]: Base table or view not found: 1146 Table 'pcu_rfid2.password_resets' doesn't exist
[05-Nov-2025 00:28:18 Europe/Berlin] [PCU RFID] Attempting database connection to pcu_rfid2
[05-Nov-2025 00:28:18 Europe/Berlin] [PCU RFID] Database connection successful
[05-Nov-2025 00:28:22 Europe/Berlin] Email sent successfully to mrk.ramos118@gmail.com
[05-Nov-2025 00:28:28 Europe/Berlin] [PCU RFID] Attempting database connection to pcu_rfid2
[05-Nov-2025 00:28:28 Europe/Berlin] [PCU RFID] Database connection successful
[05-Nov-2025 00:28:28 Europe/Berlin] Password reset error: SQLSTATE[42S02]: Base table or view not found: 1146 Table 'pcu_rfid2.password_resets' doesn't exist
[05-Nov-2025 00:32:00 Europe/Berlin] [PCU RFID] Attempting database connection to pcu_rfid2
[05-Nov-2025 00:32:00 Europe/Berlin] [PCU RFID] Database connection successful
[05-Nov-2025 00:32:03 Europe/Berlin] Email sent successfully to mrk.ramos118@gmail.com
[05-Nov-2025 00:32:09 Europe/Berlin] [PCU RFID] Attempting database connection to pcu_rfid2
[05-Nov-2025 00:32:09 Europe/Berlin] [PCU RFID] Database connection successful
[05-Nov-2025 00:39:53 Europe/Berlin] [PCU RFID] Attempting database connection to pcu_rfid2
[05-Nov-2025 00:39:53 Europe/Berlin] [PCU RFID] Database connection successful
[05-Nov-2025 00:39:56 Europe/Berlin] Email sent successfully to mrk.ramos118@gmail.com
[05-Nov-2025 00:40:02 Europe/Berlin] [PCU RFID] Attempting database connection to pcu_rfid2
[05-Nov-2025 00:40:02 Europe/Berlin] [PCU RFID] Database connection successful
[05-Nov-2025 00:41:26 Europe/Berlin] [PCU RFID] Attempting database connection to pcu_rfid2
[05-Nov-2025 00:41:26 Europe/Berlin] [PCU RFID] Database connection successful
[05-Nov-2025 00:41:29 Europe/Berlin] Email sent successfully to mrk.ramos118@gmail.com
[05-Nov-2025 00:41:35 Europe/Berlin] [PCU RFID] Attempting database connection to pcu_rfid2
[05-Nov-2025 00:41:35 Europe/Berlin] [PCU RFID] Database connection successful
[05-Nov-2025 00:41:35 Europe/Berlin] Server time: 2025-11-05 00:41:35
[05-Nov-2025 00:42:39 Europe/Berlin] [PCU RFID] Attempting database connection to pcu_rfid2
[05-Nov-2025 00:42:39 Europe/Berlin] [PCU RFID] Database connection successful
[05-Nov-2025 00:42:42 Europe/Berlin] Email sent successfully to mrk.ramos118@gmail.com
[05-Nov-2025 00:42:47 Europe/Berlin] [PCU RFID] Attempting database connection to pcu_rfid2
[05-Nov-2025 00:42:47 Europe/Berlin] [PCU RFID] Database connection successful
[05-Nov-2025 00:42:47 Europe/Berlin] Server time: 2025-11-05 00:42:47
[05-Nov-2025 00:46:46 Europe/Berlin] [PCU RFID] Attempting database connection to pcu_rfid2
[05-Nov-2025 00:46:46 Europe/Berlin] [PCU RFID] Database connection successful
[05-Nov-2025 00:46:49 Europe/Berlin] Email sent successfully to mrk.ramos118@gmail.com
[05-Nov-2025 00:46:53 Europe/Berlin] [PCU RFID] Attempting database connection to pcu_rfid2
[05-Nov-2025 00:46:53 Europe/Berlin] [PCU RFID] Database connection successful
[05-Nov-2025 00:46:53 Europe/Berlin] Server time: 2025-11-05 00:46:53
[05-Nov-2025 00:47:14 Europe/Berlin] [PCU RFID] Attempting database connection to pcu_rfid2
[05-Nov-2025 00:47:14 Europe/Berlin] [PCU RFID] Database connection successful
[05-Nov-2025 00:49:12 Europe/Berlin] [PCU RFID] Attempting database connection to pcu_rfid2
[05-Nov-2025 00:49:12 Europe/Berlin] [PCU RFID] Database connection successful
[05-Nov-2025 00:49:15 Europe/Berlin] Email sent successfully to mrk.ramos118@gmail.com
[05-Nov-2025 00:49:20 Europe/Berlin] [PCU RFID] Attempting database connection to pcu_rfid2
[05-Nov-2025 00:49:20 Europe/Berlin] [PCU RFID] Database connection successful
[05-Nov-2025 00:49:20 Europe/Berlin] Server time: 2025-11-05 00:49:20
[05-Nov-2025 00:49:28 Europe/Berlin] [PCU RFID] Attempting database connection to pcu_rfid2
[05-Nov-2025 00:49:28 Europe/Berlin] [PCU RFID] Database connection successful
[05-Nov-2025 00:49:28 Europe/Berlin] Invalid reset attempt - Token: 0816d5a94743b7fbb2021f1382c86e51b5df683b2eb3ea4f9f09cd8e74b849d2 - Time: 2025-11-05 00:49:28
[05-Nov-2025 00:52:30 Europe/Berlin] [PCU RFID] Attempting database connection to pcu_rfid2
[05-Nov-2025 00:52:30 Europe/Berlin] [PCU RFID] Database connection successful
[05-Nov-2025 00:52:33 Europe/Berlin] Email sent successfully to mrk.ramos118@gmail.com
[05-Nov-2025 00:52:37 Europe/Berlin] [PCU RFID] Attempting database connection to pcu_rfid2
[05-Nov-2025 00:52:37 Europe/Berlin] [PCU RFID] Database connection successful
[05-Nov-2025 00:52:37 Europe/Berlin] Server time: 2025-11-05 00:52:37
[05-Nov-2025 00:52:37 Europe/Berlin] Form token value: 43e02d32f78beb070505e7272b1848f7d21ed06a3a83aeee6cfb3d45403550d7
[05-Nov-2025 00:52:46 Europe/Berlin] Starting password reset process
[05-Nov-2025 00:52:46 Europe/Berlin] Token received: 43e02d32f78beb070505e7272b1848f7d21ed06a3a83aeee6cfb3d45403550d7
[05-Nov-2025 00:52:46 Europe/Berlin] [PCU RFID] Attempting database connection to pcu_rfid2
[05-Nov-2025 00:52:46 Europe/Berlin] [PCU RFID] Database connection successful
[05-Nov-2025 00:52:52 Europe/Berlin] [PCU RFID] Attempting database connection to pcu_rfid2
[05-Nov-2025 00:52:52 Europe/Berlin] [PCU RFID] Database connection successful
[05-Nov-2025 00:53:00 Europe/Berlin] [PCU RFID] Attempting database connection to pcu_rfid2
[05-Nov-2025 00:53:00 Europe/Berlin] [PCU RFID] Database connection successful
[05-Nov-2025 00:53:00 Europe/Berlin] [PCU RFID] Attempting database connection to pcu_rfid2
[05-Nov-2025 00:53:00 Europe/Berlin] [PCU RFID] Database connection successful
[05-Nov-2025 00:54:18 Europe/Berlin] [PCU RFID] Attempting database connection to pcu_rfid2
[05-Nov-2025 00:54:18 Europe/Berlin] [PCU RFID] Database connection successful
[05-Nov-2025 00:54:21 Europe/Berlin] Email sent successfully to mrk.ramos118@gmail.com
[05-Nov-2025 00:54:27 Europe/Berlin] [PCU RFID] Attempting database connection to pcu_rfid2
[05-Nov-2025 00:54:27 Europe/Berlin] [PCU RFID] Database connection successful
[05-Nov-2025 00:54:27 Europe/Berlin] Server time: 2025-11-05 00:54:27
[05-Nov-2025 00:54:27 Europe/Berlin] Token already used: 43e02d32f78beb070505e7272b1848f7d21ed06a3a83aeee6cfb3d45403550d7
[05-Nov-2025 00:54:33 Europe/Berlin] [PCU RFID] Attempting database connection to pcu_rfid2
[05-Nov-2025 00:54:33 Europe/Berlin] [PCU RFID] Database connection successful
[05-Nov-2025 00:54:33 Europe/Berlin] Server time: 2025-11-05 00:54:33
[05-Nov-2025 00:54:33 Europe/Berlin] Form token value: b80c1c658b18b902cfecde0dea98e63ded791b80943245900f45b1c468e96773
[05-Nov-2025 00:54:43 Europe/Berlin] Starting password reset process
[05-Nov-2025 00:54:43 Europe/Berlin] Token received: b80c1c658b18b902cfecde0dea98e63ded791b80943245900f45b1c468e96773
[05-Nov-2025 00:54:43 Europe/Berlin] [PCU RFID] Attempting database connection to pcu_rfid2
[05-Nov-2025 00:54:43 Europe/Berlin] [PCU RFID] Database connection successful
[05-Nov-2025 00:55:41 Europe/Berlin] [PCU RFID] Starting signup process
[05-Nov-2025 00:55:41 Europe/Berlin] [PCU RFID] Attempting database connection to pcu_rfid2
[05-Nov-2025 00:55:41 Europe/Berlin] [PCU RFID] Database connection successful
[05-Nov-2025 00:55:41 Europe/Berlin] [PCU RFID] Database connection successful
[05-Nov-2025 00:55:41 Europe/Berlin] [PCU RFID] Form data received: {"student_id":"123456","name":"John Clerick","email":"mrk.briones118@gmail.com","has_password":true,"has_confirm":true,"role":"Student"}
[05-Nov-2025 00:56:03 Europe/Berlin] [PCU RFID] Starting signup process
[05-Nov-2025 00:56:03 Europe/Berlin] [PCU RFID] Attempting database connection to pcu_rfid2
[05-Nov-2025 00:56:03 Europe/Berlin] [PCU RFID] Database connection successful
[05-Nov-2025 00:56:03 Europe/Berlin] [PCU RFID] Database connection successful
[05-Nov-2025 00:56:03 Europe/Berlin] [PCU RFID] Form data received: {"student_id":"1234567","name":"John Clerick","email":"mrk.briones118@gmail.com","has_password":true,"has_confirm":true,"role":"Student"}
[05-Nov-2025 00:57:07 Europe/Berlin] [PCU RFID] Attempting database connection to pcu_rfid2
[05-Nov-2025 00:57:07 Europe/Berlin] [PCU RFID] Database connection successful
[05-Nov-2025 00:57:30 Europe/Berlin] [PCU RFID] Attempting database connection to pcu_rfid2
[05-Nov-2025 00:57:30 Europe/Berlin] [PCU RFID] Database connection successful
[05-Nov-2025 00:57:43 Europe/Berlin] [PCU RFID] Attempting database connection to pcu_rfid2
[05-Nov-2025 00:57:43 Europe/Berlin] [PCU RFID] Database connection successful
[05-Nov-2025 00:58:01 Europe/Berlin] [PCU RFID] Attempting database connection to pcu_rfid2
[05-Nov-2025 00:58:01 Europe/Berlin] [PCU RFID] Database connection successful
[05-Nov-2025 01:02:50 Europe/Berlin] [PCU RFID] Starting signup process
[05-Nov-2025 01:02:50 Europe/Berlin] [PCU RFID] Attempting database connection to pcu_rfid2
[05-Nov-2025 01:02:50 Europe/Berlin] [PCU RFID] Database connection successful
[05-Nov-2025 01:02:50 Europe/Berlin] [PCU RFID] Database connection successful
[05-Nov-2025 01:02:50 Europe/Berlin] [PCU RFID] Form data received: {"student_id":"1234567","name":"John Clerick","email":"mrk.briones118@gmail.com","has_password":true,"has_confirm":true,"role":"Student"}
[05-Nov-2025 01:03:13 Europe/Berlin] [PCU RFID] Attempting database connection to pcu_rfid2
[05-Nov-2025 01:03:13 Europe/Berlin] [PCU RFID] Database connection successful
[05-Nov-2025 01:03:26 Europe/Berlin] [PCU RFID] Attempting database connection to pcu_rfid2
[05-Nov-2025 01:03:26 Europe/Berlin] [PCU RFID] Database connection successful
[05-Nov-2025 01:03:26 Europe/Berlin] [PCU RFID] Attempting database connection to pcu_rfid2
[05-Nov-2025 01:03:26 Europe/Berlin] [PCU RFID] Database connection successful
[05-Nov-2025 01:23:48 Europe/Berlin] [PCU RFID] Attempting database connection to pcu_rfid2
[05-Nov-2025 01:23:48 Europe/Berlin] [PCU RFID] Database connection successful
[05-Nov-2025 01:23:48 Europe/Berlin] Error fetching students: SQLSTATE[42S22]: Column not found: 1054 Unknown column 'rfid_uid' in 'field list'
[05-Nov-2025 01:23:48 Europe/Berlin] PHP Warning:  require_once(includes/footer.php): Failed to open stream: No such file or directory in C:\xampp\htdocs\pcuRFID2\admin\homepage.php on line 174
[05-Nov-2025 01:23:48 Europe/Berlin] PHP Fatal error:  Uncaught Error: Failed opening required 'includes/footer.php' (include_path='C:\xampp\php\PEAR') in C:\xampp\htdocs\pcuRFID2\admin\homepage.php:174
Stack trace:
#0 {main}
  thrown in C:\xampp\htdocs\pcuRFID2\admin\homepage.php on line 174
[05-Nov-2025 01:30:36 Europe/Berlin] [PCU RFID] Starting signup process
[05-Nov-2025 01:30:36 Europe/Berlin] [PCU RFID] Attempting database connection to pcu_rfid2
[05-Nov-2025 01:30:36 Europe/Berlin] [PCU RFID] Database connection successful
[05-Nov-2025 01:30:36 Europe/Berlin] [PCU RFID] Database connection successful
[05-Nov-2025 01:30:36 Europe/Berlin] [PCU RFID] Form data received: {"student_id":"091156","name":"jabai","email":"nielpopi78@gmail.com","has_password":true,"has_confirm":true,"role":"Student"}
[05-Nov-2025 01:32:31 Europe/Berlin] [PCU RFID] Starting signup process
[05-Nov-2025 01:32:31 Europe/Berlin] [PCU RFID] Attempting database connection to pcu_rfid2
[05-Nov-2025 01:32:31 Europe/Berlin] [PCU RFID] Database connection successful
[05-Nov-2025 01:32:31 Europe/Berlin] [PCU RFID] Database connection successful
[05-Nov-2025 01:32:31 Europe/Berlin] [PCU RFID] Form data received: {"student_id":"091156","name":"jabai","email":"nielpopi78@gmail.com","has_password":true,"has_confirm":true,"role":"Student"}
[05-Nov-2025 01:35:41 Europe/Berlin] [PCU RFID] Attempting database connection to pcu_rfid2
[05-Nov-2025 01:35:41 Europe/Berlin] [PCU RFID] Database connection successful
[05-Nov-2025 01:36:29 Europe/Berlin] [PCU RFID] Attempting database connection to pcu_rfid2
[05-Nov-2025 01:36:29 Europe/Berlin] [PCU RFID] Database connection successful
[05-Nov-2025 01:36:50 Europe/Berlin] [PCU RFID] Attempting database connection to pcu_rfid2
[05-Nov-2025 01:36:50 Europe/Berlin] [PCU RFID] Database connection successful
[05-Nov-2025 01:36:50 Europe/Berlin] [PCU RFID] Attempting database connection to pcu_rfid2
[05-Nov-2025 01:36:50 Europe/Berlin] [PCU RFID] Database connection successful
[05-Nov-2025 02:13:53 Europe/Berlin] [PCU RFID] Attempting database connection to pcu_rfid2
[05-Nov-2025 02:13:53 Europe/Berlin] [PCU RFID] Database connection successful
[05-Nov-2025 02:13:54 Europe/Berlin] [PCU RFID] Attempting database connection to pcu_rfid2
[05-Nov-2025 02:13:54 Europe/Berlin] [PCU RFID] Database connection successful
[05-Nov-2025 14:05:36 Europe/Berlin] [PCU RFID] Attempting database connection to pcu_rfid2
[05-Nov-2025 14:05:36 Europe/Berlin] [PCU RFID] Database connection successful
[05-Nov-2025 14:05:36 Europe/Berlin] Fetching students from database...
[05-Nov-2025 14:05:36 Europe/Berlin] Error fetching students: SQLSTATE[42S22]: Column not found: 1054 Unknown column 'rfid_uid' in 'field list'
[05-Nov-2025 14:05:36 Europe/Berlin] PHP Warning:  require_once(includes/footer.php): Failed to open stream: No such file or directory in C:\xampp\htdocs\pcuRFID2\admin\homepage.php on line 186
[05-Nov-2025 14:05:36 Europe/Berlin] PHP Fatal error:  Uncaught Error: Failed opening required 'includes/footer.php' (include_path='C:\xampp\php\PEAR') in C:\xampp\htdocs\pcuRFID2\admin\homepage.php:186
Stack trace:
#0 {main}
  thrown in C:\xampp\htdocs\pcuRFID2\admin\homepage.php on line 186
[05-Nov-2025 14:11:18 Europe/Berlin] [PCU RFID] Attempting database connection to pcu_rfid2
[05-Nov-2025 14:11:18 Europe/Berlin] [PCU RFID] Database connection successful
[05-Nov-2025 14:11:18 Europe/Berlin] Fetching students from database...
[05-Nov-2025 14:11:18 Europe/Berlin] Error fetching students: SQLSTATE[42S22]: Column not found: 1054 Unknown column 'rfid_uid' in 'field list'
[05-Nov-2025 14:11:18 Europe/Berlin] PHP Warning:  require_once(includes/footer.php): Failed to open stream: No such file or directory in C:\xampp\htdocs\pcuRFID2\admin\homepage.php on line 186
[05-Nov-2025 14:11:18 Europe/Berlin] PHP Fatal error:  Uncaught Error: Failed opening required 'includes/footer.php' (include_path='C:\xampp\php\PEAR') in C:\xampp\htdocs\pcuRFID2\admin\homepage.php:186
Stack trace:
#0 {main}
  thrown in C:\xampp\htdocs\pcuRFID2\admin\homepage.php on line 186
[05-Nov-2025 14:11:18 Europe/Berlin] [PCU RFID] Attempting database connection to pcu_rfid2
[05-Nov-2025 14:11:18 Europe/Berlin] [PCU RFID] Database connection successful
[05-Nov-2025 14:11:18 Europe/Berlin] Fetching students from database...
[05-Nov-2025 14:11:18 Europe/Berlin] Error fetching students: SQLSTATE[42S22]: Column not found: 1054 Unknown column 'rfid_uid' in 'field list'
[05-Nov-2025 14:11:18 Europe/Berlin] PHP Warning:  require_once(includes/footer.php): Failed to open stream: No such file or directory in C:\xampp\htdocs\pcuRFID2\admin\homepage.php on line 186
[05-Nov-2025 14:11:18 Europe/Berlin] PHP Fatal error:  Uncaught Error: Failed opening required 'includes/footer.php' (include_path='C:\xampp\php\PEAR') in C:\xampp\htdocs\pcuRFID2\admin\homepage.php:186
Stack trace:
#0 {main}
  thrown in C:\xampp\htdocs\pcuRFID2\admin\homepage.php on line 186
[05-Nov-2025 14:20:42 Europe/Berlin] [PCU RFID] Attempting database connection to pcu_rfid2
[05-Nov-2025 14:20:42 Europe/Berlin] [PCU RFID] Database connection successful
[05-Nov-2025 14:22:09 Europe/Berlin] [PCU RFID] Attempting database connection to pcu_rfid2
[05-Nov-2025 14:22:09 Europe/Berlin] [PCU RFID] Database connection successful
[05-Nov-2025 14:22:09 Europe/Berlin] Fetching students from database...
[05-Nov-2025 14:22:09 Europe/Berlin] Error fetching students: SQLSTATE[42S22]: Column not found: 1054 Unknown column 'rfid_uid' in 'field list'
[05-Nov-2025 14:22:09 Europe/Berlin] PHP Warning:  require_once(includes/footer.php): Failed to open stream: No such file or directory in C:\xampp\htdocs\pcuRFID2\admin\homepage.php on line 190
[05-Nov-2025 14:22:09 Europe/Berlin] PHP Fatal error:  Uncaught Error: Failed opening required 'includes/footer.php' (include_path='C:\xampp\php\PEAR') in C:\xampp\htdocs\pcuRFID2\admin\homepage.php:190
Stack trace:
#0 {main}
  thrown in C:\xampp\htdocs\pcuRFID2\admin\homepage.php on line 190
[05-Nov-2025 14:22:34 Europe/Berlin] [PCU RFID] Attempting database connection to pcu_rfid2
[05-Nov-2025 14:22:34 Europe/Berlin] [PCU RFID] Database connection successful
[05-Nov-2025 14:22:34 Europe/Berlin] Fetching students from database...
[05-Nov-2025 14:22:34 Europe/Berlin] Error fetching students: SQLSTATE[42S22]: Column not found: 1054 Unknown column 'rfid_uid' in 'field list'
[05-Nov-2025 14:22:34 Europe/Berlin] PHP Warning:  require_once(includes/footer.php): Failed to open stream: No such file or directory in C:\xampp\htdocs\pcuRFID2\admin\homepage.php on line 190
[05-Nov-2025 14:22:34 Europe/Berlin] PHP Fatal error:  Uncaught Error: Failed opening required 'includes/footer.php' (include_path='C:\xampp\php\PEAR') in C:\xampp\htdocs\pcuRFID2\admin\homepage.php:190
Stack trace:
#0 {main}
  thrown in C:\xampp\htdocs\pcuRFID2\admin\homepage.php on line 190
[05-Nov-2025 14:22:35 Europe/Berlin] [PCU RFID] Attempting database connection to pcu_rfid2
[05-Nov-2025 14:22:35 Europe/Berlin] [PCU RFID] Database connection successful
[05-Nov-2025 14:22:35 Europe/Berlin] Fetching students from database...
[05-Nov-2025 14:22:35 Europe/Berlin] Error fetching students: SQLSTATE[42S22]: Column not found: 1054 Unknown column 'rfid_uid' in 'field list'
[05-Nov-2025 14:22:35 Europe/Berlin] PHP Warning:  require_once(includes/footer.php): Failed to open stream: No such file or directory in C:\xampp\htdocs\pcuRFID2\admin\homepage.php on line 190
[05-Nov-2025 14:22:35 Europe/Berlin] PHP Fatal error:  Uncaught Error: Failed opening required 'includes/footer.php' (include_path='C:\xampp\php\PEAR') in C:\xampp\htdocs\pcuRFID2\admin\homepage.php:190
Stack trace:
#0 {main}
  thrown in C:\xampp\htdocs\pcuRFID2\admin\homepage.php on line 190
[05-Nov-2025 14:22:37 Europe/Berlin] [PCU RFID] Attempting database connection to pcu_rfid2
[05-Nov-2025 14:22:37 Europe/Berlin] [PCU RFID] Database connection successful
[05-Nov-2025 14:22:37 Europe/Berlin] Fetching students from database...
[05-Nov-2025 14:22:37 Europe/Berlin] Error fetching students: SQLSTATE[42S22]: Column not found: 1054 Unknown column 'rfid_uid' in 'field list'
[05-Nov-2025 14:22:37 Europe/Berlin] PHP Warning:  require_once(includes/footer.php): Failed to open stream: No such file or directory in C:\xampp\htdocs\pcuRFID2\admin\homepage.php on line 190
[05-Nov-2025 14:22:37 Europe/Berlin] PHP Fatal error:  Uncaught Error: Failed opening required 'includes/footer.php' (include_path='C:\xampp\php\PEAR') in C:\xampp\htdocs\pcuRFID2\admin\homepage.php:190
Stack trace:
#0 {main}
  thrown in C:\xampp\htdocs\pcuRFID2\admin\homepage.php on line 190
[05-Nov-2025 14:22:41 Europe/Berlin] [PCU RFID] Attempting database connection to pcu_rfid2
[05-Nov-2025 14:22:41 Europe/Berlin] [PCU RFID] Database connection successful
[05-Nov-2025 14:22:41 Europe/Berlin] Fetching students from database...
[05-Nov-2025 14:22:41 Europe/Berlin] Error fetching students: SQLSTATE[42S22]: Column not found: 1054 Unknown column 'rfid_uid' in 'field list'
[05-Nov-2025 14:22:41 Europe/Berlin] PHP Warning:  require_once(includes/footer.php): Failed to open stream: No such file or directory in C:\xampp\htdocs\pcuRFID2\admin\homepage.php on line 190
[05-Nov-2025 14:22:41 Europe/Berlin] PHP Fatal error:  Uncaught Error: Failed opening required 'includes/footer.php' (include_path='C:\xampp\php\PEAR') in C:\xampp\htdocs\pcuRFID2\admin\homepage.php:190
Stack trace:
#0 {main}
  thrown in C:\xampp\htdocs\pcuRFID2\admin\homepage.php on line 190
[05-Nov-2025 14:25:16 Europe/Berlin] [PCU RFID] Attempting database connection to pcu_rfid2
[05-Nov-2025 14:25:16 Europe/Berlin] [PCU RFID] Database connection successful
[05-Nov-2025 14:43:52 Europe/Berlin] [PCU RFID] Attempting database connection to pcu_rfid2
[05-Nov-2025 14:43:52 Europe/Berlin] [PCU RFID] Database connection successful
[05-Nov-2025 14:43:52 Europe/Berlin] Database connected successfully
[05-Nov-2025 14:43:52 Europe/Berlin] Executing query: 
        SELECT id, student_id, name, email, status, rfid_uid, role 
        FROM users 
        WHERE role = "Student" 
        ORDER BY created_at DESC
    
[05-Nov-2025 14:43:52 Europe/Berlin] Database error: SQLSTATE[42S22]: Column not found: 1054 Unknown column 'rfid_uid' in 'field list'
[05-Nov-2025 14:43:52 Europe/Berlin] PHP Warning:  require_once(includes/footer.php): Failed to open stream: No such file or directory in C:\xampp\htdocs\pcuRFID2\admin\homepage.php on line 207
[05-Nov-2025 14:43:52 Europe/Berlin] PHP Fatal error:  Uncaught Error: Failed opening required 'includes/footer.php' (include_path='C:\xampp\php\PEAR') in C:\xampp\htdocs\pcuRFID2\admin\homepage.php:207
Stack trace:
#0 {main}
  thrown in C:\xampp\htdocs\pcuRFID2\admin\homepage.php on line 207
[05-Nov-2025 14:46:16 Europe/Berlin] [PCU RFID] Attempting database connection to pcu_rfid2
[05-Nov-2025 14:46:16 Europe/Berlin] [PCU RFID] Database connection successful
[05-Nov-2025 14:50:21 Europe/Berlin] [PCU RFID] Attempting database connection to pcu_rfid2
[05-Nov-2025 14:50:21 Europe/Berlin] [PCU RFID] Database connection successful
[05-Nov-2025 14:50:21 Europe/Berlin] Database connected successfully
[05-Nov-2025 14:50:21 Europe/Berlin] Executing query: 
        SELECT id, student_id, name, email, status, role, rfid_uid, rfid_registered_at 
        FROM users 
        WHERE role = "Student" 
        ORDER BY created_at DESC
    
[05-Nov-2025 14:50:21 Europe/Berlin] Query executed successfully
[05-Nov-2025 14:50:21 Europe/Berlin] Found 3 students
[05-Nov-2025 14:50:21 Europe/Berlin] Array
(
    [id] => 9
    [student_id] => 091156
    [name] => jabai
    [email] => nielpopi78@gmail.com
    [status] => Active
    [role] => Student
    [rfid_uid] => 
    [rfid_registered_at] => 
)

[05-Nov-2025 14:50:21 Europe/Berlin] Array
(
    [id] => 8
    [student_id] => 1234567
    [name] => John Clerick
    [email] => mrk.briones118@gmail.com
    [status] => Active
    [role] => Student
    [rfid_uid] => 
    [rfid_registered_at] => 
)

[05-Nov-2025 14:50:21 Europe/Berlin] Array
(
    [id] => 6
    [student_id] => 123456
    [name] => Jason
    [email] => mrk.ramos118@gmail.com
    [status] => Active
    [role] => Student
    [rfid_uid] => 
    [rfid_registered_at] => 
)

[05-Nov-2025 14:50:21 Europe/Berlin] PHP Warning:  require_once(includes/footer.php): Failed to open stream: No such file or directory in C:\xampp\htdocs\pcuRFID2\admin\homepage.php on line 224
[05-Nov-2025 14:50:21 Europe/Berlin] PHP Fatal error:  Uncaught Error: Failed opening required 'includes/footer.php' (include_path='C:\xampp\php\PEAR') in C:\xampp\htdocs\pcuRFID2\admin\homepage.php:224
Stack trace:
#0 {main}
  thrown in C:\xampp\htdocs\pcuRFID2\admin\homepage.php on line 224
[05-Nov-2025 14:52:27 Europe/Berlin] [PCU RFID] Attempting database connection to pcu_rfid2
[05-Nov-2025 14:52:27 Europe/Berlin] [PCU RFID] Database connection successful
[05-Nov-2025 14:52:27 Europe/Berlin] [PCU RFID] Attempting database connection to pcu_rfid2
[05-Nov-2025 14:52:27 Europe/Berlin] [PCU RFID] Database connection successful
[05-Nov-2025 14:52:27 Europe/Berlin] Database connected successfully
[05-Nov-2025 14:52:27 Europe/Berlin] Executing query: 
        SELECT id, student_id, name, email, status, role, rfid_uid, rfid_registered_at 
        FROM users 
        WHERE role = "Student" 
        ORDER BY created_at DESC
    
[05-Nov-2025 14:52:27 Europe/Berlin] Query executed successfully
[05-Nov-2025 14:52:27 Europe/Berlin] Found 3 students
[05-Nov-2025 14:52:27 Europe/Berlin] Array
(
    [id] => 9
    [student_id] => 091156
    [name] => jabai
    [email] => nielpopi78@gmail.com
    [status] => Active
    [role] => Student
    [rfid_uid] => DEMOo7gieufcb
    [rfid_registered_at] => 
)

[05-Nov-2025 14:52:27 Europe/Berlin] Array
(
    [id] => 8
    [student_id] => 1234567
    [name] => John Clerick
    [email] => mrk.briones118@gmail.com
    [status] => Active
    [role] => Student
    [rfid_uid] => 
    [rfid_registered_at] => 
)

[05-Nov-2025 14:52:27 Europe/Berlin] Array
(
    [id] => 6
    [student_id] => 123456
    [name] => Jason
    [email] => mrk.ramos118@gmail.com
    [status] => Active
    [role] => Student
    [rfid_uid] => 
    [rfid_registered_at] => 
)

[05-Nov-2025 14:52:27 Europe/Berlin] PHP Warning:  require_once(includes/footer.php): Failed to open stream: No such file or directory in C:\xampp\htdocs\pcuRFID2\admin\homepage.php on line 224
[05-Nov-2025 14:52:27 Europe/Berlin] PHP Fatal error:  Uncaught Error: Failed opening required 'includes/footer.php' (include_path='C:\xampp\php\PEAR') in C:\xampp\htdocs\pcuRFID2\admin\homepage.php:224
Stack trace:
#0 {main}
  thrown in C:\xampp\htdocs\pcuRFID2\admin\homepage.php on line 224
[05-Nov-2025 14:54:46 Europe/Berlin] [PCU RFID] Attempting database connection to pcu_rfid2
[05-Nov-2025 14:54:46 Europe/Berlin] [PCU RFID] Database connection successful
[05-Nov-2025 14:54:46 Europe/Berlin] Database connected successfully
[05-Nov-2025 14:54:46 Europe/Berlin] Executing query: 
        SELECT id, student_id, name, email, status, role, rfid_uid, rfid_registered_at 
        FROM users 
        WHERE role = "Student" 
        ORDER BY created_at DESC
    
[05-Nov-2025 14:54:46 Europe/Berlin] Query executed successfully
[05-Nov-2025 14:54:46 Europe/Berlin] Found 3 students
[05-Nov-2025 14:54:46 Europe/Berlin] Array
(
    [id] => 9
    [student_id] => 091156
    [name] => jabai
    [email] => nielpopi78@gmail.com
    [status] => Active
    [role] => Student
    [rfid_uid] => DEMOo7gieufcb
    [rfid_registered_at] => 
)

[05-Nov-2025 14:54:46 Europe/Berlin] Array
(
    [id] => 8
    [student_id] => 1234567
    [name] => John Clerick
    [email] => mrk.briones118@gmail.com
    [status] => Active
    [role] => Student
    [rfid_uid] => 
    [rfid_registered_at] => 
)

[05-Nov-2025 14:54:46 Europe/Berlin] Array
(
    [id] => 6
    [student_id] => 123456
    [name] => Jason
    [email] => mrk.ramos118@gmail.com
    [status] => Active
    [role] => Student
    [rfid_uid] => 
    [rfid_registered_at] => 
)

[05-Nov-2025 14:54:46 Europe/Berlin] PHP Warning:  require_once(includes/footer.php): Failed to open stream: No such file or directory in C:\xampp\htdocs\pcuRFID2\admin\homepage.php on line 250
[05-Nov-2025 14:54:46 Europe/Berlin] PHP Fatal error:  Uncaught Error: Failed opening required 'includes/footer.php' (include_path='C:\xampp\php\PEAR') in C:\xampp\htdocs\pcuRFID2\admin\homepage.php:250
Stack trace:
#0 {main}
  thrown in C:\xampp\htdocs\pcuRFID2\admin\homepage.php on line 250
[05-Nov-2025 14:54:48 Europe/Berlin] [PCU RFID] Attempting database connection to pcu_rfid2
[05-Nov-2025 14:54:48 Europe/Berlin] [PCU RFID] Database connection successful
[05-Nov-2025 14:54:48 Europe/Berlin] [PCU RFID] Attempting database connection to pcu_rfid2
[05-Nov-2025 14:54:48 Europe/Berlin] [PCU RFID] Database connection successful
[05-Nov-2025 14:54:48 Europe/Berlin] Database connected successfully
[05-Nov-2025 14:54:48 Europe/Berlin] Executing query: 
        SELECT id, student_id, name, email, status, role, rfid_uid, rfid_registered_at 
        FROM users 
        WHERE role = "Student" 
        ORDER BY created_at DESC
    
[05-Nov-2025 14:54:48 Europe/Berlin] Query executed successfully
[05-Nov-2025 14:54:48 Europe/Berlin] Found 3 students
[05-Nov-2025 14:54:48 Europe/Berlin] Array
(
    [id] => 9
    [student_id] => 091156
    [name] => jabai
    [email] => nielpopi78@gmail.com
    [status] => Active
    [role] => Student
    [rfid_uid] => 
    [rfid_registered_at] => 
)

[05-Nov-2025 14:54:48 Europe/Berlin] Array
(
    [id] => 8
    [student_id] => 1234567
    [name] => John Clerick
    [email] => mrk.briones118@gmail.com
    [status] => Active
    [role] => Student
    [rfid_uid] => 
    [rfid_registered_at] => 
)

[05-Nov-2025 14:54:48 Europe/Berlin] Array
(
    [id] => 6
    [student_id] => 123456
    [name] => Jason
    [email] => mrk.ramos118@gmail.com
    [status] => Active
    [role] => Student
    [rfid_uid] => 
    [rfid_registered_at] => 
)

[05-Nov-2025 14:54:48 Europe/Berlin] PHP Warning:  require_once(includes/footer.php): Failed to open stream: No such file or directory in C:\xampp\htdocs\pcuRFID2\admin\homepage.php on line 250
[05-Nov-2025 14:54:48 Europe/Berlin] PHP Fatal error:  Uncaught Error: Failed opening required 'includes/footer.php' (include_path='C:\xampp\php\PEAR') in C:\xampp\htdocs\pcuRFID2\admin\homepage.php:250
Stack trace:
#0 {main}
  thrown in C:\xampp\htdocs\pcuRFID2\admin\homepage.php on line 250
[05-Nov-2025 14:57:40 Europe/Berlin] [PCU RFID] Attempting database connection to pcu_rfid2
[05-Nov-2025 14:57:40 Europe/Berlin] [PCU RFID] Database connection successful
[05-Nov-2025 14:57:40 Europe/Berlin] [PCU RFID] Attempting database connection to pcu_rfid2
[05-Nov-2025 14:57:40 Europe/Berlin] [PCU RFID] Database connection successful
[05-Nov-2025 14:57:40 Europe/Berlin] Database connected successfully
[05-Nov-2025 14:57:40 Europe/Berlin] Executing query: 
        SELECT id, student_id, name, email, status, role, rfid_uid, rfid_registered_at 
        FROM users 
        WHERE role = "Student" 
        ORDER BY created_at DESC
    
[05-Nov-2025 14:57:40 Europe/Berlin] Query executed successfully
[05-Nov-2025 14:57:40 Europe/Berlin] Found 3 students
[05-Nov-2025 14:57:40 Europe/Berlin] Array
(
    [id] => 9
    [student_id] => 091156
    [name] => jabai
    [email] => nielpopi78@gmail.com
    [status] => Active
    [role] => Student
    [rfid_uid] => DEMO3hwhbm8zj
    [rfid_registered_at] => 
)

[05-Nov-2025 14:57:40 Europe/Berlin] Array
(
    [id] => 8
    [student_id] => 1234567
    [name] => John Clerick
    [email] => mrk.briones118@gmail.com
    [status] => Active
    [role] => Student
    [rfid_uid] => 
    [rfid_registered_at] => 
)

[05-Nov-2025 14:57:40 Europe/Berlin] Array
(
    [id] => 6
    [student_id] => 123456
    [name] => Jason
    [email] => mrk.ramos118@gmail.com
    [status] => Active
    [role] => Student
    [rfid_uid] => 
    [rfid_registered_at] => 
)

[05-Nov-2025 14:57:40 Europe/Berlin] PHP Warning:  require_once(includes/footer.php): Failed to open stream: No such file or directory in C:\xampp\htdocs\pcuRFID2\admin\homepage.php on line 250
[05-Nov-2025 14:57:40 Europe/Berlin] PHP Fatal error:  Uncaught Error: Failed opening required 'includes/footer.php' (include_path='C:\xampp\php\PEAR') in C:\xampp\htdocs\pcuRFID2\admin\homepage.php:250
Stack trace:
#0 {main}
  thrown in C:\xampp\htdocs\pcuRFID2\admin\homepage.php on line 250
[05-Nov-2025 14:59:55 Europe/Berlin] [PCU RFID] Attempting database connection to pcu_rfid2
[05-Nov-2025 14:59:55 Europe/Berlin] [PCU RFID] Database connection successful
[05-Nov-2025 14:59:55 Europe/Berlin] Database connected successfully
[05-Nov-2025 14:59:55 Europe/Berlin] Executing query: 
        SELECT id, student_id, name, email, status, role, rfid_uid, rfid_registered_at 
        FROM users 
        WHERE role = "Student" 
        ORDER BY created_at DESC
    
[05-Nov-2025 14:59:55 Europe/Berlin] Query executed successfully
[05-Nov-2025 14:59:55 Europe/Berlin] Found 3 students
[05-Nov-2025 14:59:55 Europe/Berlin] Array
(
    [id] => 9
    [student_id] => 091156
    [name] => jabai
    [email] => nielpopi78@gmail.com
    [status] => Active
    [role] => Student
    [rfid_uid] => DEMO3hwhbm8zj
    [rfid_registered_at] => 
)

[05-Nov-2025 14:59:55 Europe/Berlin] Array
(
    [id] => 8
    [student_id] => 1234567
    [name] => John Clerick
    [email] => mrk.briones118@gmail.com
    [status] => Active
    [role] => Student
    [rfid_uid] => 
    [rfid_registered_at] => 
)

[05-Nov-2025 14:59:55 Europe/Berlin] Array
(
    [id] => 6
    [student_id] => 123456
    [name] => Jason
    [email] => mrk.ramos118@gmail.com
    [status] => Active
    [role] => Student
    [rfid_uid] => 
    [rfid_registered_at] => 
)

[05-Nov-2025 14:59:55 Europe/Berlin] PHP Warning:  require_once(includes/footer.php): Failed to open stream: No such file or directory in C:\xampp\htdocs\pcuRFID2\admin\homepage.php on line 250
[05-Nov-2025 14:59:55 Europe/Berlin] PHP Fatal error:  Uncaught Error: Failed opening required 'includes/footer.php' (include_path='C:\xampp\php\PEAR') in C:\xampp\htdocs\pcuRFID2\admin\homepage.php:250
Stack trace:
#0 {main}
  thrown in C:\xampp\htdocs\pcuRFID2\admin\homepage.php on line 250
[05-Nov-2025 14:59:57 Europe/Berlin] [PCU RFID] Attempting database connection to pcu_rfid2
[05-Nov-2025 14:59:57 Europe/Berlin] [PCU RFID] Database connection successful
[05-Nov-2025 14:59:57 Europe/Berlin] [PCU RFID] Attempting database connection to pcu_rfid2
[05-Nov-2025 14:59:57 Europe/Berlin] [PCU RFID] Database connection successful
[05-Nov-2025 14:59:57 Europe/Berlin] Database connected successfully
[05-Nov-2025 14:59:57 Europe/Berlin] Executing query: 
        SELECT id, student_id, name, email, status, role, rfid_uid, rfid_registered_at 
        FROM users 
        WHERE role = "Student" 
        ORDER BY created_at DESC
    
[05-Nov-2025 14:59:57 Europe/Berlin] Query executed successfully
[05-Nov-2025 14:59:57 Europe/Berlin] Found 3 students
[05-Nov-2025 14:59:57 Europe/Berlin] Array
(
    [id] => 9
    [student_id] => 091156
    [name] => jabai
    [email] => nielpopi78@gmail.com
    [status] => Active
    [role] => Student
    [rfid_uid] => 
    [rfid_registered_at] => 
)

[05-Nov-2025 14:59:57 Europe/Berlin] Array
(
    [id] => 8
    [student_id] => 1234567
    [name] => John Clerick
    [email] => mrk.briones118@gmail.com
    [status] => Active
    [role] => Student
    [rfid_uid] => 
    [rfid_registered_at] => 
)

[05-Nov-2025 14:59:57 Europe/Berlin] Array
(
    [id] => 6
    [student_id] => 123456
    [name] => Jason
    [email] => mrk.ramos118@gmail.com
    [status] => Active
    [role] => Student
    [rfid_uid] => 
    [rfid_registered_at] => 
)

[05-Nov-2025 14:59:57 Europe/Berlin] PHP Warning:  require_once(includes/footer.php): Failed to open stream: No such file or directory in C:\xampp\htdocs\pcuRFID2\admin\homepage.php on line 250
[05-Nov-2025 14:59:57 Europe/Berlin] PHP Fatal error:  Uncaught Error: Failed opening required 'includes/footer.php' (include_path='C:\xampp\php\PEAR') in C:\xampp\htdocs\pcuRFID2\admin\homepage.php:250
Stack trace:
#0 {main}
  thrown in C:\xampp\htdocs\pcuRFID2\admin\homepage.php on line 250
[05-Nov-2025 15:00:02 Europe/Berlin] [PCU RFID] Attempting database connection to pcu_rfid2
[05-Nov-2025 15:00:02 Europe/Berlin] [PCU RFID] Database connection successful
[05-Nov-2025 15:00:02 Europe/Berlin] [PCU RFID] Attempting database connection to pcu_rfid2
[05-Nov-2025 15:00:02 Europe/Berlin] [PCU RFID] Database connection successful
[05-Nov-2025 15:00:02 Europe/Berlin] Database connected successfully
[05-Nov-2025 15:00:02 Europe/Berlin] Executing query: 
        SELECT id, student_id, name, email, status, role, rfid_uid, rfid_registered_at 
        FROM users 
        WHERE role = "Student" 
        ORDER BY created_at DESC
    
[05-Nov-2025 15:00:02 Europe/Berlin] Query executed successfully
[05-Nov-2025 15:00:02 Europe/Berlin] Found 3 students
[05-Nov-2025 15:00:02 Europe/Berlin] Array
(
    [id] => 9
    [student_id] => 091156
    [name] => jabai
    [email] => nielpopi78@gmail.com
    [status] => Active
    [role] => Student
    [rfid_uid] => DEMOvoqrcinr3
    [rfid_registered_at] => 
)

[05-Nov-2025 15:00:02 Europe/Berlin] Array
(
    [id] => 8
    [student_id] => 1234567
    [name] => John Clerick
    [email] => mrk.briones118@gmail.com
    [status] => Active
    [role] => Student
    [rfid_uid] => 
    [rfid_registered_at] => 
)

[05-Nov-2025 15:00:02 Europe/Berlin] Array
(
    [id] => 6
    [student_id] => 123456
    [name] => Jason
    [email] => mrk.ramos118@gmail.com
    [status] => Active
    [role] => Student
    [rfid_uid] => 
    [rfid_registered_at] => 
)

[05-Nov-2025 15:00:02 Europe/Berlin] PHP Warning:  require_once(includes/footer.php): Failed to open stream: No such file or directory in C:\xampp\htdocs\pcuRFID2\admin\homepage.php on line 250
[05-Nov-2025 15:00:02 Europe/Berlin] PHP Fatal error:  Uncaught Error: Failed opening required 'includes/footer.php' (include_path='C:\xampp\php\PEAR') in C:\xampp\htdocs\pcuRFID2\admin\homepage.php:250
Stack trace:
#0 {main}
  thrown in C:\xampp\htdocs\pcuRFID2\admin\homepage.php on line 250
[05-Nov-2025 15:00:04 Europe/Berlin] [PCU RFID] Attempting database connection to pcu_rfid2
[05-Nov-2025 15:00:04 Europe/Berlin] [PCU RFID] Database connection successful
[05-Nov-2025 15:00:04 Europe/Berlin] [PCU RFID] Attempting database connection to pcu_rfid2
[05-Nov-2025 15:00:04 Europe/Berlin] [PCU RFID] Database connection successful
[05-Nov-2025 15:00:04 Europe/Berlin] Database connected successfully
[05-Nov-2025 15:00:04 Europe/Berlin] Executing query: 
        SELECT id, student_id, name, email, status, role, rfid_uid, rfid_registered_at 
        FROM users 
        WHERE role = "Student" 
        ORDER BY created_at DESC
    
[05-Nov-2025 15:00:04 Europe/Berlin] Query executed successfully
[05-Nov-2025 15:00:04 Europe/Berlin] Found 3 students
[05-Nov-2025 15:00:04 Europe/Berlin] Array
(
    [id] => 9
    [student_id] => 091156
    [name] => jabai
    [email] => nielpopi78@gmail.com
    [status] => Active
    [role] => Student
    [rfid_uid] => 
    [rfid_registered_at] => 
)

[05-Nov-2025 15:00:04 Europe/Berlin] Array
(
    [id] => 8
    [student_id] => 1234567
    [name] => John Clerick
    [email] => mrk.briones118@gmail.com
    [status] => Active
    [role] => Student
    [rfid_uid] => 
    [rfid_registered_at] => 
)

[05-Nov-2025 15:00:04 Europe/Berlin] Array
(
    [id] => 6
    [student_id] => 123456
    [name] => Jason
    [email] => mrk.ramos118@gmail.com
    [status] => Active
    [role] => Student
    [rfid_uid] => 
    [rfid_registered_at] => 
)

[05-Nov-2025 15:00:04 Europe/Berlin] PHP Warning:  require_once(includes/footer.php): Failed to open stream: No such file or directory in C:\xampp\htdocs\pcuRFID2\admin\homepage.php on line 250
[05-Nov-2025 15:00:04 Europe/Berlin] PHP Fatal error:  Uncaught Error: Failed opening required 'includes/footer.php' (include_path='C:\xampp\php\PEAR') in C:\xampp\htdocs\pcuRFID2\admin\homepage.php:250
Stack trace:
#0 {main}
  thrown in C:\xampp\htdocs\pcuRFID2\admin\homepage.php on line 250
[05-Nov-2025 15:00:27 Europe/Berlin] [PCU RFID] Attempting database connection to pcu_rfid2
[05-Nov-2025 15:00:27 Europe/Berlin] [PCU RFID] Database connection successful
[05-Nov-2025 15:00:27 Europe/Berlin] [PCU RFID] Attempting database connection to pcu_rfid2
[05-Nov-2025 15:00:27 Europe/Berlin] [PCU RFID] Database connection successful
[05-Nov-2025 15:00:27 Europe/Berlin] Database connected successfully
[05-Nov-2025 15:00:27 Europe/Berlin] Executing query: 
        SELECT id, student_id, name, email, status, role, rfid_uid, rfid_registered_at 
        FROM users 
        WHERE role = "Student" 
        ORDER BY created_at DESC
    
[05-Nov-2025 15:00:27 Europe/Berlin] Query executed successfully
[05-Nov-2025 15:00:27 Europe/Berlin] Found 3 students
[05-Nov-2025 15:00:27 Europe/Berlin] Array
(
    [id] => 9
    [student_id] => 091156
    [name] => jabai
    [email] => nielpopi78@gmail.com
    [status] => Active
    [role] => Student
    [rfid_uid] => DEMOmv5td8xbe
    [rfid_registered_at] => 
)

[05-Nov-2025 15:00:27 Europe/Berlin] Array
(
    [id] => 8
    [student_id] => 1234567
    [name] => John Clerick
    [email] => mrk.briones118@gmail.com
    [status] => Active
    [role] => Student
    [rfid_uid] => 
    [rfid_registered_at] => 
)

[05-Nov-2025 15:00:27 Europe/Berlin] Array
(
    [id] => 6
    [student_id] => 123456
    [name] => Jason
    [email] => mrk.ramos118@gmail.com
    [status] => Active
    [role] => Student
    [rfid_uid] => 
    [rfid_registered_at] => 
)

[05-Nov-2025 15:00:27 Europe/Berlin] PHP Warning:  require_once(includes/footer.php): Failed to open stream: No such file or directory in C:\xampp\htdocs\pcuRFID2\admin\homepage.php on line 250
[05-Nov-2025 15:00:27 Europe/Berlin] PHP Fatal error:  Uncaught Error: Failed opening required 'includes/footer.php' (include_path='C:\xampp\php\PEAR') in C:\xampp\htdocs\pcuRFID2\admin\homepage.php:250
Stack trace:
#0 {main}
  thrown in C:\xampp\htdocs\pcuRFID2\admin\homepage.php on line 250
[05-Nov-2025 15:03:47 Europe/Berlin] [PCU RFID] Attempting database connection to pcu_rfid2
[05-Nov-2025 15:03:47 Europe/Berlin] [PCU RFID] Database connection successful
[05-Nov-2025 15:03:47 Europe/Berlin] Database connected successfully
[05-Nov-2025 15:03:47 Europe/Berlin] Executing query: 
        SELECT id, student_id, name, email, status, role, rfid_uid, rfid_registered_at 
        FROM users 
        WHERE role = "Student" 
        ORDER BY created_at DESC
    
[05-Nov-2025 15:03:47 Europe/Berlin] Query executed successfully
[05-Nov-2025 15:03:47 Europe/Berlin] Found 3 students
[05-Nov-2025 15:03:47 Europe/Berlin] Array
(
    [id] => 9
    [student_id] => 091156
    [name] => jabai
    [email] => nielpopi78@gmail.com
    [status] => Active
    [role] => Student
    [rfid_uid] => DEMOmv5td8xbe
    [rfid_registered_at] => 
)

[05-Nov-2025 15:03:47 Europe/Berlin] Array
(
    [id] => 8
    [student_id] => 1234567
    [name] => John Clerick
    [email] => mrk.briones118@gmail.com
    [status] => Active
    [role] => Student
    [rfid_uid] => 
    [rfid_registered_at] => 
)

[05-Nov-2025 15:03:47 Europe/Berlin] Array
(
    [id] => 6
    [student_id] => 123456
    [name] => Jason
    [email] => mrk.ramos118@gmail.com
    [status] => Active
    [role] => Student
    [rfid_uid] => 
    [rfid_registered_at] => 
)

[05-Nov-2025 15:03:47 Europe/Berlin] PHP Warning:  require_once(includes/footer.php): Failed to open stream: No such file or directory in C:\xampp\htdocs\pcuRFID2\admin\homepage.php on line 250
[05-Nov-2025 15:03:47 Europe/Berlin] PHP Fatal error:  Uncaught Error: Failed opening required 'includes/footer.php' (include_path='C:\xampp\php\PEAR') in C:\xampp\htdocs\pcuRFID2\admin\homepage.php:250
Stack trace:
#0 {main}
  thrown in C:\xampp\htdocs\pcuRFID2\admin\homepage.php on line 250
[05-Nov-2025 15:03:48 Europe/Berlin] [PCU RFID] Attempting database connection to pcu_rfid2
[05-Nov-2025 15:03:48 Europe/Berlin] [PCU RFID] Database connection successful
[05-Nov-2025 15:03:48 Europe/Berlin] [PCU RFID] Attempting database connection to pcu_rfid2
[05-Nov-2025 15:03:49 Europe/Berlin] [PCU RFID] Database connection successful
[05-Nov-2025 15:03:49 Europe/Berlin] Database connected successfully
[05-Nov-2025 15:03:49 Europe/Berlin] Executing query: 
        SELECT id, student_id, name, email, status, role, rfid_uid, rfid_registered_at 
        FROM users 
        WHERE role = "Student" 
        ORDER BY created_at DESC
    
[05-Nov-2025 15:03:49 Europe/Berlin] Query executed successfully
[05-Nov-2025 15:03:49 Europe/Berlin] Found 3 students
[05-Nov-2025 15:03:49 Europe/Berlin] Array
(
    [id] => 9
    [student_id] => 091156
    [name] => jabai
    [email] => nielpopi78@gmail.com
    [status] => Active
    [role] => Student
    [rfid_uid] => 
    [rfid_registered_at] => 
)

[05-Nov-2025 15:03:49 Europe/Berlin] Array
(
    [id] => 8
    [student_id] => 1234567
    [name] => John Clerick
    [email] => mrk.briones118@gmail.com
    [status] => Active
    [role] => Student
    [rfid_uid] => 
    [rfid_registered_at] => 
)

[05-Nov-2025 15:03:49 Europe/Berlin] Array
(
    [id] => 6
    [student_id] => 123456
    [name] => Jason
    [email] => mrk.ramos118@gmail.com
    [status] => Active
    [role] => Student
    [rfid_uid] => 
    [rfid_registered_at] => 
)

[05-Nov-2025 15:03:49 Europe/Berlin] PHP Warning:  require_once(includes/footer.php): Failed to open stream: No such file or directory in C:\xampp\htdocs\pcuRFID2\admin\homepage.php on line 250
[05-Nov-2025 15:03:49 Europe/Berlin] PHP Fatal error:  Uncaught Error: Failed opening required 'includes/footer.php' (include_path='C:\xampp\php\PEAR') in C:\xampp\htdocs\pcuRFID2\admin\homepage.php:250
Stack trace:
#0 {main}
  thrown in C:\xampp\htdocs\pcuRFID2\admin\homepage.php on line 250
[05-Nov-2025 15:03:53 Europe/Berlin] [PCU RFID] Attempting database connection to pcu_rfid2
[05-Nov-2025 15:03:53 Europe/Berlin] [PCU RFID] Database connection successful
[05-Nov-2025 15:03:53 Europe/Berlin] [PCU RFID] Attempting database connection to pcu_rfid2
[05-Nov-2025 15:03:53 Europe/Berlin] [PCU RFID] Database connection successful
[05-Nov-2025 15:03:53 Europe/Berlin] Database connected successfully
[05-Nov-2025 15:03:53 Europe/Berlin] Executing query: 
        SELECT id, student_id, name, email, status, role, rfid_uid, rfid_registered_at 
        FROM users 
        WHERE role = "Student" 
        ORDER BY created_at DESC
    
[05-Nov-2025 15:03:53 Europe/Berlin] Query executed successfully
[05-Nov-2025 15:03:53 Europe/Berlin] Found 3 students
[05-Nov-2025 15:03:53 Europe/Berlin] Array
(
    [id] => 9
    [student_id] => 091156
    [name] => jabai
    [email] => nielpopi78@gmail.com
    [status] => Active
    [role] => Student
    [rfid_uid] => DEMOmbyz4b6d3
    [rfid_registered_at] => 
)

[05-Nov-2025 15:03:53 Europe/Berlin] Array
(
    [id] => 8
    [student_id] => 1234567
    [name] => John Clerick
    [email] => mrk.briones118@gmail.com
    [status] => Active
    [role] => Student
    [rfid_uid] => 
    [rfid_registered_at] => 
)

[05-Nov-2025 15:03:53 Europe/Berlin] Array
(
    [id] => 6
    [student_id] => 123456
    [name] => Jason
    [email] => mrk.ramos118@gmail.com
    [status] => Active
    [role] => Student
    [rfid_uid] => 
    [rfid_registered_at] => 
)

[05-Nov-2025 15:03:53 Europe/Berlin] PHP Warning:  require_once(includes/footer.php): Failed to open stream: No such file or directory in C:\xampp\htdocs\pcuRFID2\admin\homepage.php on line 250
[05-Nov-2025 15:03:53 Europe/Berlin] PHP Fatal error:  Uncaught Error: Failed opening required 'includes/footer.php' (include_path='C:\xampp\php\PEAR') in C:\xampp\htdocs\pcuRFID2\admin\homepage.php:250
Stack trace:
#0 {main}
  thrown in C:\xampp\htdocs\pcuRFID2\admin\homepage.php on line 250
[05-Nov-2025 15:03:55 Europe/Berlin] [PCU RFID] Attempting database connection to pcu_rfid2
[05-Nov-2025 15:03:55 Europe/Berlin] [PCU RFID] Database connection successful
[05-Nov-2025 15:03:55 Europe/Berlin] [PCU RFID] Attempting database connection to pcu_rfid2
[05-Nov-2025 15:03:55 Europe/Berlin] [PCU RFID] Database connection successful
[05-Nov-2025 15:03:55 Europe/Berlin] Database connected successfully
[05-Nov-2025 15:03:55 Europe/Berlin] Executing query: 
        SELECT id, student_id, name, email, status, role, rfid_uid, rfid_registered_at 
        FROM users 
        WHERE role = "Student" 
        ORDER BY created_at DESC
    
[05-Nov-2025 15:03:55 Europe/Berlin] Query executed successfully
[05-Nov-2025 15:03:55 Europe/Berlin] Found 3 students
[05-Nov-2025 15:03:55 Europe/Berlin] Array
(
    [id] => 9
    [student_id] => 091156
    [name] => jabai
    [email] => nielpopi78@gmail.com
    [status] => Active
    [role] => Student
    [rfid_uid] => 
    [rfid_registered_at] => 
)

[05-Nov-2025 15:03:55 Europe/Berlin] Array
(
    [id] => 8
    [student_id] => 1234567
    [name] => John Clerick
    [email] => mrk.briones118@gmail.com
    [status] => Active
    [role] => Student
    [rfid_uid] => 
    [rfid_registered_at] => 
)

[05-Nov-2025 15:03:55 Europe/Berlin] Array
(
    [id] => 6
    [student_id] => 123456
    [name] => Jason
    [email] => mrk.ramos118@gmail.com
    [status] => Active
    [role] => Student
    [rfid_uid] => 
    [rfid_registered_at] => 
)

[05-Nov-2025 15:03:55 Europe/Berlin] PHP Warning:  require_once(includes/footer.php): Failed to open stream: No such file or directory in C:\xampp\htdocs\pcuRFID2\admin\homepage.php on line 250
[05-Nov-2025 15:03:55 Europe/Berlin] PHP Fatal error:  Uncaught Error: Failed opening required 'includes/footer.php' (include_path='C:\xampp\php\PEAR') in C:\xampp\htdocs\pcuRFID2\admin\homepage.php:250
Stack trace:
#0 {main}
  thrown in C:\xampp\htdocs\pcuRFID2\admin\homepage.php on line 250
[05-Nov-2025 15:19:50 Europe/Berlin] [PCU RFID] Attempting database connection to pcu_rfid2
[05-Nov-2025 15:19:50 Europe/Berlin] [PCU RFID] Database connection successful
[05-Nov-2025 15:19:50 Europe/Berlin] [PCU RFID] Attempting database connection to pcu_rfid2
[05-Nov-2025 15:19:50 Europe/Berlin] [PCU RFID] Database connection successful
[05-Nov-2025 15:19:50 Europe/Berlin] Database connected successfully
[05-Nov-2025 15:19:50 Europe/Berlin] Executing query: 
        SELECT id, student_id, name, email, status, role, rfid_uid, rfid_registered_at 
        FROM users 
        WHERE role = "Student" 
        ORDER BY created_at DESC
    
[05-Nov-2025 15:19:50 Europe/Berlin] Query executed successfully
[05-Nov-2025 15:19:50 Europe/Berlin] Found 2 students
[05-Nov-2025 15:19:50 Europe/Berlin] Array
(
    [id] => 8
    [student_id] => 1234567
    [name] => John Clerick
    [email] => mrk.briones118@gmail.com
    [status] => Active
    [role] => Student
    [rfid_uid] => 
    [rfid_registered_at] => 
)

[05-Nov-2025 15:19:50 Europe/Berlin] Array
(
    [id] => 6
    [student_id] => 123456
    [name] => Jason
    [email] => mrk.ramos118@gmail.com
    [status] => Active
    [role] => Student
    [rfid_uid] => 
    [rfid_registered_at] => 
)

[05-Nov-2025 15:19:50 Europe/Berlin] PHP Warning:  require_once(includes/footer.php): Failed to open stream: No such file or directory in C:\xampp\htdocs\pcuRFID2\admin\homepage.php on line 250
[05-Nov-2025 15:19:50 Europe/Berlin] PHP Fatal error:  Uncaught Error: Failed opening required 'includes/footer.php' (include_path='C:\xampp\php\PEAR') in C:\xampp\htdocs\pcuRFID2\admin\homepage.php:250
Stack trace:
#0 {main}
  thrown in C:\xampp\htdocs\pcuRFID2\admin\homepage.php on line 250
[11-Nov-2025 10:37:34 Europe/Berlin] [PCU RFID] Starting signup process
[11-Nov-2025 10:37:34 Europe/Berlin] [PCU RFID] Attempting database connection to pcu_rfid2
[11-Nov-2025 10:37:34 Europe/Berlin] [PCU RFID] Database connection successful
[11-Nov-2025 10:37:34 Europe/Berlin] [PCU RFID] Database connection successful
[11-Nov-2025 10:37:34 Europe/Berlin] [PCU RFID] Form data received: {"student_id":"132","name":"Jason","email":"mrk.jason118@gmail.com","has_password":true,"has_confirm":true,"role":"Student"}
[11-Nov-2025 10:38:12 Europe/Berlin] [PCU RFID] Attempting database connection to pcu_rfid2
[11-Nov-2025 10:38:12 Europe/Berlin] [PCU RFID] Database connection successful
[11-Nov-2025 10:38:22 Europe/Berlin] [PCU RFID] Attempting database connection to pcu_rfid2
[11-Nov-2025 10:38:22 Europe/Berlin] [PCU RFID] Database connection successful
[11-Nov-2025 10:38:26 Europe/Berlin] [PCU RFID] Attempting database connection to pcu_rfid2
[11-Nov-2025 10:38:26 Europe/Berlin] [PCU RFID] Database connection successful
[11-Nov-2025 10:38:34 Europe/Berlin] [PCU RFID] Attempting database connection to pcu_rfid2
[11-Nov-2025 10:38:34 Europe/Berlin] [PCU RFID] Database connection successful
[11-Nov-2025 10:38:34 Europe/Berlin] [PCU RFID] Attempting database connection to pcu_rfid2
[11-Nov-2025 10:38:34 Europe/Berlin] [PCU RFID] Database connection successful
[11-Nov-2025 10:43:08 Europe/Berlin] [PCU RFID] Attempting database connection to pcu_rfid2
[11-Nov-2025 10:43:08 Europe/Berlin] [PCU RFID] Database connection successful
[11-Nov-2025 10:43:08 Europe/Berlin] Database connected successfully
[11-Nov-2025 10:43:08 Europe/Berlin] Executing query: 
        SELECT id, student_id, name, email, status, role, rfid_uid, rfid_registered_at 
        FROM users 
        WHERE role = "Student" 
        ORDER BY created_at DESC
    
[11-Nov-2025 10:43:08 Europe/Berlin] Database error: SQLSTATE[42S22]: Column not found: 1054 Unknown column 'rfid_uid' in 'field list'
[11-Nov-2025 10:43:08 Europe/Berlin] PHP Warning:  require_once(includes/footer.php): Failed to open stream: No such file or directory in C:\xampp\htdocs\pcuRFID2\admin\homepage.php on line 250
[11-Nov-2025 10:43:08 Europe/Berlin] PHP Fatal error:  Uncaught Error: Failed opening required 'includes/footer.php' (include_path='C:\xampp\php\PEAR') in C:\xampp\htdocs\pcuRFID2\admin\homepage.php:250
Stack trace:
#0 {main}
  thrown in C:\xampp\htdocs\pcuRFID2\admin\homepage.php on line 250
[11-Nov-2025 11:11:28 Europe/Berlin] [PCU RFID] Attempting database connection to pcu_rfid2
[11-Nov-2025 11:11:31 Europe/Berlin] [PCU RFID] Database error: SQLSTATE[HY000] [2002] No connection could be made because the target machine actively refused it
[11-Nov-2025 11:17:11 Europe/Berlin] [PCU RFID] Attempting database connection to pcu_rfid2
[11-Nov-2025 11:17:11 Europe/Berlin] [PCU RFID] Database connection successful
[11-Nov-2025 11:17:11 Europe/Berlin] Database connected successfully
[11-Nov-2025 11:17:11 Europe/Berlin] Executing query: 
        SELECT id, student_id, name, email, status, role, rfid_uid, rfid_registered_at 
        FROM users 
        WHERE role = "Student" 
        ORDER BY created_at DESC
    
[11-Nov-2025 11:17:11 Europe/Berlin] Database error: SQLSTATE[42S22]: Column not found: 1054 Unknown column 'rfid_uid' in 'field list'
[11-Nov-2025 11:17:11 Europe/Berlin] PHP Warning:  require_once(includes/footer.php): Failed to open stream: No such file or directory in C:\xampp\htdocs\pcuRFID2\admin\homepage.php on line 250
[11-Nov-2025 11:17:11 Europe/Berlin] PHP Fatal error:  Uncaught Error: Failed opening required 'includes/footer.php' (include_path='C:\xampp\php\PEAR') in C:\xampp\htdocs\pcuRFID2\admin\homepage.php:250
Stack trace:
#0 {main}
  thrown in C:\xampp\htdocs\pcuRFID2\admin\homepage.php on line 250
[11-Nov-2025 11:17:13 Europe/Berlin] [PCU RFID] Attempting database connection to pcu_rfid2
[11-Nov-2025 11:17:13 Europe/Berlin] [PCU RFID] Database connection successful
[11-Nov-2025 11:17:13 Europe/Berlin] Database connected successfully
[11-Nov-2025 11:17:13 Europe/Berlin] Executing query: 
        SELECT id, student_id, name, email, status, role, rfid_uid, rfid_registered_at 
        FROM users 
        WHERE role = "Student" 
        ORDER BY created_at DESC
    
[11-Nov-2025 11:17:13 Europe/Berlin] Database error: SQLSTATE[42S22]: Column not found: 1054 Unknown column 'rfid_uid' in 'field list'
[11-Nov-2025 11:17:13 Europe/Berlin] PHP Warning:  require_once(includes/footer.php): Failed to open stream: No such file or directory in C:\xampp\htdocs\pcuRFID2\admin\homepage.php on line 250
[11-Nov-2025 11:17:13 Europe/Berlin] PHP Fatal error:  Uncaught Error: Failed opening required 'includes/footer.php' (include_path='C:\xampp\php\PEAR') in C:\xampp\htdocs\pcuRFID2\admin\homepage.php:250
Stack trace:
#0 {main}
  thrown in C:\xampp\htdocs\pcuRFID2\admin\homepage.php on line 250
[11-Nov-2025 11:42:56 Europe/Berlin] [PCU RFID] Attempting database connection to pcu_rfid2
[11-Nov-2025 11:42:56 Europe/Berlin] [PCU RFID] Database connection successful
[11-Nov-2025 11:42:56 Europe/Berlin] Database connected successfully
[11-Nov-2025 11:42:56 Europe/Berlin] Executing query: 
        SELECT id, student_id, name, email, status, role, rfid_uid, rfid_registered_at 
        FROM users 
        WHERE role = "Student" 
        ORDER BY created_at DESC
    
[11-Nov-2025 11:42:56 Europe/Berlin] Database error: SQLSTATE[42S22]: Column not found: 1054 Unknown column 'rfid_uid' in 'field list'
[11-Nov-2025 11:42:56 Europe/Berlin] PHP Warning:  require_once(includes/footer.php): Failed to open stream: No such file or directory in C:\xampp\htdocs\pcuRFID2\admin\homepage.php on line 250
[11-Nov-2025 11:42:56 Europe/Berlin] PHP Fatal error:  Uncaught Error: Failed opening required 'includes/footer.php' (include_path='C:\xampp\php\PEAR') in C:\xampp\htdocs\pcuRFID2\admin\homepage.php:250
Stack trace:
#0 {main}
  thrown in C:\xampp\htdocs\pcuRFID2\admin\homepage.php on line 250
[11-Nov-2025 11:57:15 Europe/Berlin] [PCU RFID] Attempting database connection to pcu_rfid2
[11-Nov-2025 11:57:15 Europe/Berlin] [PCU RFID] Database connection successful
[11-Nov-2025 11:58:17 Europe/Berlin] [PCU RFID] Attempting database connection to pcu_rfid2
[11-Nov-2025 11:58:17 Europe/Berlin] [PCU RFID] Database connection successful
[11-Nov-2025 11:58:50 Europe/Berlin] [PCU RFID] Attempting database connection to pcu_rfid2
[11-Nov-2025 11:58:50 Europe/Berlin] [PCU RFID] Database connection successful
[11-Nov-2025 11:58:50 Europe/Berlin] Database connected successfully
[11-Nov-2025 11:58:50 Europe/Berlin] Executing query: 
        SELECT id, student_id, name, email, status, role, rfid_uid, rfid_registered_at 
        FROM users 
        WHERE role = "Student" 
        ORDER BY created_at DESC
    
[11-Nov-2025 11:58:50 Europe/Berlin] Query executed successfully
[11-Nov-2025 11:58:50 Europe/Berlin] Found 1 students
[11-Nov-2025 11:58:50 Europe/Berlin] Array
(
    [id] => 2
    [student_id] => 132
    [name] => Jason
    [email] => mrk.jason118@gmail.com
    [status] => Active
    [role] => Student
    [rfid_uid] => 
    [rfid_registered_at] => 
)

[11-Nov-2025 11:58:50 Europe/Berlin] PHP Warning:  require_once(includes/footer.php): Failed to open stream: No such file or directory in C:\xampp\htdocs\pcuRFID2\admin\homepage.php on line 250
[11-Nov-2025 11:58:50 Europe/Berlin] PHP Fatal error:  Uncaught Error: Failed opening required 'includes/footer.php' (include_path='C:\xampp\php\PEAR') in C:\xampp\htdocs\pcuRFID2\admin\homepage.php:250
Stack trace:
#0 {main}
  thrown in C:\xampp\htdocs\pcuRFID2\admin\homepage.php on line 250
[11-Nov-2025 11:59:56 Europe/Berlin] [PCU RFID] Attempting database connection to pcu_rfid2
[11-Nov-2025 11:59:56 Europe/Berlin] [PCU RFID] Database connection successful
[11-Nov-2025 11:59:56 Europe/Berlin] Database connected successfully
[11-Nov-2025 11:59:56 Europe/Berlin] Executing query: 
        SELECT id, student_id, name, email, status, role, rfid_uid, rfid_registered_at 
        FROM users 
        WHERE role = "Student" 
        ORDER BY created_at DESC
    
[11-Nov-2025 11:59:56 Europe/Berlin] Query executed successfully
[11-Nov-2025 11:59:56 Europe/Berlin] Found 1 students
[11-Nov-2025 11:59:56 Europe/Berlin] Array
(
    [id] => 2
    [student_id] => 132
    [name] => Jason
    [email] => mrk.jason118@gmail.com
    [status] => Active
    [role] => Student
    [rfid_uid] => 
    [rfid_registered_at] => 
)

[11-Nov-2025 11:59:56 Europe/Berlin] PHP Warning:  require_once(includes/footer.php): Failed to open stream: No such file or directory in C:\xampp\htdocs\pcuRFID2\admin\homepage.php on line 250
[11-Nov-2025 11:59:56 Europe/Berlin] PHP Fatal error:  Uncaught Error: Failed opening required 'includes/footer.php' (include_path='C:\xampp\php\PEAR') in C:\xampp\htdocs\pcuRFID2\admin\homepage.php:250
Stack trace:
#0 {main}
  thrown in C:\xampp\htdocs\pcuRFID2\admin\homepage.php on line 250
[11-Nov-2025 12:20:46 Europe/Berlin] [PCU RFID] Attempting database connection to pcu_rfid2
[11-Nov-2025 12:20:46 Europe/Berlin] [PCU RFID] Database connection successful
[11-Nov-2025 12:20:46 Europe/Berlin] PHP Warning:  require_once(includes/footer.php): Failed to open stream: No such file or directory in C:\xampp\htdocs\pcuRFID2\admin\homepage.php on line 562
[11-Nov-2025 12:20:46 Europe/Berlin] PHP Fatal error:  Uncaught Error: Failed opening required 'includes/footer.php' (include_path='C:\xampp\php\PEAR') in C:\xampp\htdocs\pcuRFID2\admin\homepage.php:562
Stack trace:
#0 {main}
  thrown in C:\xampp\htdocs\pcuRFID2\admin\homepage.php on line 562
[11-Nov-2025 12:20:53 Europe/Berlin] [PCU RFID] Attempting database connection to pcu_rfid2
[11-Nov-2025 12:20:53 Europe/Berlin] [PCU RFID] Database connection successful
[11-Nov-2025 12:20:53 Europe/Berlin] PHP Warning:  require_once(includes/footer.php): Failed to open stream: No such file or directory in C:\xampp\htdocs\pcuRFID2\admin\homepage.php on line 562
[11-Nov-2025 12:20:53 Europe/Berlin] PHP Fatal error:  Uncaught Error: Failed opening required 'includes/footer.php' (include_path='C:\xampp\php\PEAR') in C:\xampp\htdocs\pcuRFID2\admin\homepage.php:562
Stack trace:
#0 {main}
  thrown in C:\xampp\htdocs\pcuRFID2\admin\homepage.php on line 562
[11-Nov-2025 12:20:55 Europe/Berlin] [PCU RFID] Attempting database connection to pcu_rfid2
[11-Nov-2025 12:20:55 Europe/Berlin] [PCU RFID] Database connection successful
[11-Nov-2025 12:20:55 Europe/Berlin] PHP Warning:  require_once(includes/footer.php): Failed to open stream: No such file or directory in C:\xampp\htdocs\pcuRFID2\admin\homepage.php on line 562
[11-Nov-2025 12:20:55 Europe/Berlin] PHP Fatal error:  Uncaught Error: Failed opening required 'includes/footer.php' (include_path='C:\xampp\php\PEAR') in C:\xampp\htdocs\pcuRFID2\admin\homepage.php:562
Stack trace:
#0 {main}
  thrown in C:\xampp\htdocs\pcuRFID2\admin\homepage.php on line 562
[11-Nov-2025 12:20:57 Europe/Berlin] [PCU RFID] Attempting database connection to pcu_rfid2
[11-Nov-2025 12:20:57 Europe/Berlin] [PCU RFID] Database connection successful
[11-Nov-2025 12:20:57 Europe/Berlin] PHP Warning:  require_once(includes/footer.php): Failed to open stream: No such file or directory in C:\xampp\htdocs\pcuRFID2\admin\homepage.php on line 562
[11-Nov-2025 12:20:57 Europe/Berlin] PHP Fatal error:  Uncaught Error: Failed opening required 'includes/footer.php' (include_path='C:\xampp\php\PEAR') in C:\xampp\htdocs\pcuRFID2\admin\homepage.php:562
Stack trace:
#0 {main}
  thrown in C:\xampp\htdocs\pcuRFID2\admin\homepage.php on line 562
[11-Nov-2025 12:21:01 Europe/Berlin] [PCU RFID] Attempting database connection to pcu_rfid2
[11-Nov-2025 12:21:01 Europe/Berlin] [PCU RFID] Database connection successful
[11-Nov-2025 12:21:01 Europe/Berlin] PHP Warning:  require_once(includes/footer.php): Failed to open stream: No such file or directory in C:\xampp\htdocs\pcuRFID2\admin\homepage.php on line 562
[11-Nov-2025 12:21:01 Europe/Berlin] PHP Fatal error:  Uncaught Error: Failed opening required 'includes/footer.php' (include_path='C:\xampp\php\PEAR') in C:\xampp\htdocs\pcuRFID2\admin\homepage.php:562
Stack trace:
#0 {main}
  thrown in C:\xampp\htdocs\pcuRFID2\admin\homepage.php on line 562
[11-Nov-2025 12:22:15 Europe/Berlin] [PCU RFID] Attempting database connection to pcu_rfid2
[11-Nov-2025 12:22:15 Europe/Berlin] [PCU RFID] Database connection successful
[11-Nov-2025 12:22:15 Europe/Berlin] PHP Warning:  require_once(includes/footer.php): Failed to open stream: No such file or directory in C:\xampp\htdocs\pcuRFID2\admin\homepage.php on line 562
[11-Nov-2025 12:22:15 Europe/Berlin] PHP Fatal error:  Uncaught Error: Failed opening required 'includes/footer.php' (include_path='C:\xampp\php\PEAR') in C:\xampp\htdocs\pcuRFID2\admin\homepage.php:562
Stack trace:
#0 {main}
  thrown in C:\xampp\htdocs\pcuRFID2\admin\homepage.php on line 562
[11-Nov-2025 12:23:53 Europe/Berlin] [PCU RFID] Attempting database connection to pcu_rfid2
[11-Nov-2025 12:23:53 Europe/Berlin] [PCU RFID] Database connection successful
[11-Nov-2025 12:23:57 Europe/Berlin] [PCU RFID] Attempting database connection to pcu_rfid2
[11-Nov-2025 12:23:57 Europe/Berlin] [PCU RFID] Database connection successful
[11-Nov-2025 12:23:57 Europe/Berlin] [PCU RFID] Attempting database connection to pcu_rfid2
[11-Nov-2025 12:23:57 Europe/Berlin] [PCU RFID] Database connection successful
[11-Nov-2025 12:23:59 Europe/Berlin] [PCU RFID] Attempting database connection to pcu_rfid2
[11-Nov-2025 12:23:59 Europe/Berlin] [PCU RFID] Database connection successful
[11-Nov-2025 12:23:59 Europe/Berlin] [PCU RFID] Attempting database connection to pcu_rfid2
[11-Nov-2025 12:23:59 Europe/Berlin] [PCU RFID] Database connection successful
[11-Nov-2025 12:24:11 Europe/Berlin] [PCU RFID] Attempting database connection to pcu_rfid2
[11-Nov-2025 12:24:11 Europe/Berlin] [PCU RFID] Database connection successful
[11-Nov-2025 12:24:23 Europe/Berlin] [PCU RFID] Attempting database connection to pcu_rfid2
[11-Nov-2025 12:24:23 Europe/Berlin] [PCU RFID] Database connection successful
[11-Nov-2025 12:24:24 Europe/Berlin] [PCU RFID] Attempting database connection to pcu_rfid2
[11-Nov-2025 12:24:24 Europe/Berlin] [PCU RFID] Database connection successful
[11-Nov-2025 12:24:33 Europe/Berlin] [PCU RFID] Attempting database connection to pcu_rfid2
[11-Nov-2025 12:24:33 Europe/Berlin] [PCU RFID] Database connection successful
[11-Nov-2025 12:24:33 Europe/Berlin] [PCU RFID] Attempting database connection to pcu_rfid2
[11-Nov-2025 12:24:33 Europe/Berlin] [PCU RFID] Database connection successful
[11-Nov-2025 12:24:35 Europe/Berlin] [PCU RFID] Attempting database connection to pcu_rfid2
[11-Nov-2025 12:24:35 Europe/Berlin] [PCU RFID] Database connection successful
[11-Nov-2025 12:24:35 Europe/Berlin] PHP Deprecated:  strtotime(): Passing null to parameter #1 ($datetime) of type string is deprecated in C:\xampp\htdocs\pcuRFID2\admin\homepage.php on line 271
[11-Nov-2025 12:24:35 Europe/Berlin] PHP Deprecated:  htmlspecialchars(): Passing null to parameter #1 ($string) of type string is deprecated in C:\xampp\htdocs\pcuRFID2\admin\homepage.php on line 277
[11-Nov-2025 12:24:46 Europe/Berlin] [PCU RFID] Attempting database connection to pcu_rfid2
[11-Nov-2025 12:24:46 Europe/Berlin] [PCU RFID] Database connection successful
[11-Nov-2025 12:24:46 Europe/Berlin] [PCU RFID] Attempting database connection to pcu_rfid2
[11-Nov-2025 12:24:46 Europe/Berlin] [PCU RFID] Database connection successful
[11-Nov-2025 12:24:47 Europe/Berlin] [PCU RFID] Attempting database connection to pcu_rfid2
[11-Nov-2025 12:24:47 Europe/Berlin] [PCU RFID] Database connection successful
[11-Nov-2025 12:24:48 Europe/Berlin] [PCU RFID] Attempting database connection to pcu_rfid2
[11-Nov-2025 12:24:48 Europe/Berlin] [PCU RFID] Database connection successful
[11-Nov-2025 12:24:49 Europe/Berlin] [PCU RFID] Attempting database connection to pcu_rfid2
[11-Nov-2025 12:24:49 Europe/Berlin] [PCU RFID] Database connection successful
[11-Nov-2025 12:28:32 Europe/Berlin] RFID registration error: Invalid RFID format. Must be 8-14 hexadecimal characters.
[11-Nov-2025 12:28:33 Europe/Berlin] RFID registration error: Invalid RFID format. Must be 8-14 hexadecimal characters.
[11-Nov-2025 12:28:42 Europe/Berlin] RFID registration error: Invalid RFID format. Must be 8-14 hexadecimal characters.
[11-Nov-2025 12:28:44 Europe/Berlin] RFID registration error: Invalid RFID format. Must be 8-14 hexadecimal characters.
[11-Nov-2025 12:32:29 Europe/Berlin] [PCU RFID] Attempting database connection to pcu_rfid2
[11-Nov-2025 12:32:29 Europe/Berlin] [PCU RFID] Database connection successful
[11-Nov-2025 12:32:34 Europe/Berlin] RFID Scanner Output: [00134773788] Length: 11
[11-Nov-2025 12:32:34 Europe/Berlin] [PCU RFID] Attempting database connection to pcu_rfid2
[11-Nov-2025 12:32:34 Europe/Berlin] [PCU RFID] Database connection successful
[11-Nov-2025 12:32:36 Europe/Berlin] [PCU RFID] Attempting database connection to pcu_rfid2
[11-Nov-2025 12:32:36 Europe/Berlin] [PCU RFID] Database connection successful
[11-Nov-2025 12:32:38 Europe/Berlin] [PCU RFID] Attempting database connection to pcu_rfid2
[11-Nov-2025 12:32:38 Europe/Berlin] [PCU RFID] Database connection successful
[11-Nov-2025 12:32:42 Europe/Berlin] [PCU RFID] Attempting database connection to pcu_rfid2
[11-Nov-2025 12:32:42 Europe/Berlin] [PCU RFID] Database connection successful
[11-Nov-2025 12:32:42 Europe/Berlin] [PCU RFID] Attempting database connection to pcu_rfid2
[11-Nov-2025 12:32:42 Europe/Berlin] [PCU RFID] Database connection successful
[11-Nov-2025 12:32:44 Europe/Berlin] [PCU RFID] Attempting database connection to pcu_rfid2
[11-Nov-2025 12:32:44 Europe/Berlin] [PCU RFID] Database connection successful
[11-Nov-2025 12:32:49 Europe/Berlin] RFID Scanner Output: [00134773788] Length: 11
[11-Nov-2025 12:32:49 Europe/Berlin] [PCU RFID] Attempting database connection to pcu_rfid2
[11-Nov-2025 12:32:49 Europe/Berlin] [PCU RFID] Database connection successful
[11-Nov-2025 12:32:51 Europe/Berlin] [PCU RFID] Attempting database connection to pcu_rfid2
[11-Nov-2025 12:32:51 Europe/Berlin] [PCU RFID] Database connection successful
[11-Nov-2025 12:32:57 Europe/Berlin] [PCU RFID] Attempting database connection to pcu_rfid2
[11-Nov-2025 12:32:57 Europe/Berlin] [PCU RFID] Database connection successful
[11-Nov-2025 12:32:57 Europe/Berlin] [PCU RFID] Attempting database connection to pcu_rfid2
[11-Nov-2025 12:32:57 Europe/Berlin] [PCU RFID] Database connection successful
[11-Nov-2025 12:33:44 Europe/Berlin] RFID Scanner Output: [00134773788] Length: 11
[11-Nov-2025 12:33:44 Europe/Berlin] [PCU RFID] Attempting database connection to pcu_rfid2
[11-Nov-2025 12:33:44 Europe/Berlin] [PCU RFID] Database connection successful
[11-Nov-2025 12:33:45 Europe/Berlin] [PCU RFID] Attempting database connection to pcu_rfid2
[11-Nov-2025 12:33:45 Europe/Berlin] [PCU RFID] Database connection successful
[11-Nov-2025 12:38:43 Europe/Berlin] [PCU RFID] Attempting database connection to pcu_rfid2
[11-Nov-2025 12:38:43 Europe/Berlin] [PCU RFID] Database connection successful
[11-Nov-2025 12:38:45 Europe/Berlin] [PCU RFID] Attempting database connection to pcu_rfid2
[11-Nov-2025 12:38:45 Europe/Berlin] [PCU RFID] Database connection successful
[11-Nov-2025 12:38:48 Europe/Berlin] [PCU RFID] Attempting database connection to pcu_rfid2
[11-Nov-2025 12:38:48 Europe/Berlin] [PCU RFID] Database connection successful
[11-Nov-2025 12:39:06 Europe/Berlin] [PCU RFID] Attempting database connection to pcu_rfid2
[11-Nov-2025 12:39:06 Europe/Berlin] [PCU RFID] Database connection successful
[11-Nov-2025 12:39:09 Europe/Berlin] [PCU RFID] Attempting database connection to pcu_rfid2
[11-Nov-2025 12:39:09 Europe/Berlin] [PCU RFID] Database connection successful
[11-Nov-2025 12:39:15 Europe/Berlin] [PCU RFID] Attempting database connection to pcu_rfid2
[11-Nov-2025 12:39:15 Europe/Berlin] [PCU RFID] Database connection successful
[11-Nov-2025 12:39:17 Europe/Berlin] [PCU RFID] Attempting database connection to pcu_rfid2
[11-Nov-2025 12:39:17 Europe/Berlin] [PCU RFID] Database connection successful
[11-Nov-2025 12:39:19 Europe/Berlin] [PCU RFID] Attempting database connection to pcu_rfid2
[11-Nov-2025 12:39:19 Europe/Berlin] [PCU RFID] Database connection successful
[11-Nov-2025 12:39:31 Europe/Berlin] [PCU RFID] Attempting database connection to pcu_rfid2
[11-Nov-2025 12:39:31 Europe/Berlin] [PCU RFID] Database connection successful
[11-Nov-2025 12:39:37 Europe/Berlin] [PCU RFID] Attempting database connection to pcu_rfid2
[11-Nov-2025 12:39:37 Europe/Berlin] [PCU RFID] Database connection successful
[11-Nov-2025 12:39:43 Europe/Berlin] [PCU RFID] Attempting database connection to pcu_rfid2
[11-Nov-2025 12:39:43 Europe/Berlin] [PCU RFID] Database connection successful
[11-Nov-2025 12:39:43 Europe/Berlin] [PCU RFID] Attempting database connection to pcu_rfid2
[11-Nov-2025 12:39:43 Europe/Berlin] [PCU RFID] Database connection successful
[11-Nov-2025 12:39:48 Europe/Berlin] RFID Scanner Output: [00134773788] Length: 11
[11-Nov-2025 12:39:48 Europe/Berlin] [PCU RFID] Attempting database connection to pcu_rfid2
[11-Nov-2025 12:39:48 Europe/Berlin] [PCU RFID] Database connection successful
[11-Nov-2025 12:39:50 Europe/Berlin] [PCU RFID] Attempting database connection to pcu_rfid2
[11-Nov-2025 12:39:50 Europe/Berlin] [PCU RFID] Database connection successful
[11-Nov-2025 12:39:52 Europe/Berlin] [PCU RFID] Attempting database connection to pcu_rfid2
[11-Nov-2025 12:39:52 Europe/Berlin] [PCU RFID] Database connection successful
[11-Nov-2025 12:39:52 Europe/Berlin] [PCU RFID] Attempting database connection to pcu_rfid2
[11-Nov-2025 12:39:52 Europe/Berlin] [PCU RFID] Database connection successful
[11-Nov-2025 12:39:56 Europe/Berlin] RFID Scanner Output: [00134773788] Length: 11
[11-Nov-2025 12:39:56 Europe/Berlin] [PCU RFID] Attempting database connection to pcu_rfid2
[11-Nov-2025 12:39:56 Europe/Berlin] [PCU RFID] Database connection successful
[11-Nov-2025 12:39:57 Europe/Berlin] [PCU RFID] Attempting database connection to pcu_rfid2
[11-Nov-2025 12:39:57 Europe/Berlin] [PCU RFID] Database connection successful
[11-Nov-2025 12:40:02 Europe/Berlin] [PCU RFID] Attempting database connection to pcu_rfid2
[11-Nov-2025 12:40:02 Europe/Berlin] [PCU RFID] Database connection successful
[11-Nov-2025 12:40:02 Europe/Berlin] [PCU RFID] Attempting database connection to pcu_rfid2
[11-Nov-2025 12:40:02 Europe/Berlin] [PCU RFID] Database connection successful
[11-Nov-2025 12:40:06 Europe/Berlin] RFID Scanner Output: [00134773788] Length: 11
[11-Nov-2025 12:40:06 Europe/Berlin] [PCU RFID] Attempting database connection to pcu_rfid2
[11-Nov-2025 12:40:06 Europe/Berlin] [PCU RFID] Database connection successful
[11-Nov-2025 12:40:07 Europe/Berlin] [PCU RFID] Attempting database connection to pcu_rfid2
[11-Nov-2025 12:40:07 Europe/Berlin] [PCU RFID] Database connection successful
[11-Nov-2025 12:40:11 Europe/Berlin] [PCU RFID] Attempting database connection to pcu_rfid2
[11-Nov-2025 12:40:11 Europe/Berlin] [PCU RFID] Database connection successful
[11-Nov-2025 12:40:11 Europe/Berlin] [PCU RFID] Attempting database connection to pcu_rfid2
[11-Nov-2025 12:40:11 Europe/Berlin] [PCU RFID] Database connection successful
[11-Nov-2025 12:45:17 Europe/Berlin] RFID Scanner Output: [00134773788] Length: 11
[11-Nov-2025 12:45:17 Europe/Berlin] [PCU RFID] Attempting database connection to pcu_rfid2
[11-Nov-2025 12:45:17 Europe/Berlin] [PCU RFID] Database connection successful
[11-Nov-2025 12:45:19 Europe/Berlin] [PCU RFID] Attempting database connection to pcu_rfid2
[11-Nov-2025 12:45:19 Europe/Berlin] [PCU RFID] Database connection successful
[11-Nov-2025 12:45:35 Europe/Berlin] [PCU RFID] Attempting database connection to pcu_rfid2
[11-Nov-2025 12:45:35 Europe/Berlin] [PCU RFID] Database connection successful
[11-Nov-2025 12:45:35 Europe/Berlin] [PCU RFID] Attempting database connection to pcu_rfid2
[11-Nov-2025 12:45:35 Europe/Berlin] [PCU RFID] Database connection successful
[11-Nov-2025 12:45:46 Europe/Berlin] RFID Scanner Output: [00134773788] Length: 11
[11-Nov-2025 12:45:46 Europe/Berlin] [PCU RFID] Attempting database connection to pcu_rfid2
[11-Nov-2025 12:45:46 Europe/Berlin] [PCU RFID] Database connection successful
[11-Nov-2025 12:45:48 Europe/Berlin] [PCU RFID] Attempting database connection to pcu_rfid2
[11-Nov-2025 12:45:48 Europe/Berlin] [PCU RFID] Database connection successful
[11-Nov-2025 12:47:45 Europe/Berlin] [PCU RFID] Attempting database connection to pcu_rfid2
[11-Nov-2025 12:47:45 Europe/Berlin] [PCU RFID] Database connection successful
[11-Nov-2025 12:47:46 Europe/Berlin] [PCU RFID] Attempting database connection to pcu_rfid2
[11-Nov-2025 12:47:46 Europe/Berlin] [PCU RFID] Database connection successful
[11-Nov-2025 12:47:51 Europe/Berlin] RFID Scanner Output: [42456310077] Length: 11
[11-Nov-2025 12:47:51 Europe/Berlin] [PCU RFID] Attempting database connection to pcu_rfid2
[11-Nov-2025 12:47:51 Europe/Berlin] [PCU RFID] Database connection successful
[11-Nov-2025 12:47:53 Europe/Berlin] [PCU RFID] Attempting database connection to pcu_rfid2
[11-Nov-2025 12:47:53 Europe/Berlin] [PCU RFID] Database connection successful
[11-Nov-2025 12:47:56 Europe/Berlin] [PCU RFID] Attempting database connection to pcu_rfid2
[11-Nov-2025 12:47:56 Europe/Berlin] [PCU RFID] Database connection successful
[11-Nov-2025 12:47:59 Europe/Berlin] [PCU RFID] Attempting database connection to pcu_rfid2
[11-Nov-2025 12:47:59 Europe/Berlin] [PCU RFID] Database connection successful
[11-Nov-2025 12:47:59 Europe/Berlin] [PCU RFID] Attempting database connection to pcu_rfid2
[11-Nov-2025 12:47:59 Europe/Berlin] [PCU RFID] Database connection successful
[11-Nov-2025 12:48:00 Europe/Berlin] [PCU RFID] Attempting database connection to pcu_rfid2
[11-Nov-2025 12:48:00 Europe/Berlin] [PCU RFID] Database connection successful
[11-Nov-2025 12:50:18 Europe/Berlin] [PCU RFID] Attempting database connection to pcu_rfid2
[11-Nov-2025 12:50:18 Europe/Berlin] [PCU RFID] Database connection successful
[11-Nov-2025 13:51:04 Europe/Berlin] [PCU RFID] Attempting database connection to pcu_rfid2
[11-Nov-2025 13:51:04 Europe/Berlin] [PCU RFID] Database connection successful
[11-Nov-2025 13:51:07 Europe/Berlin] [PCU RFID] Attempting database connection to pcu_rfid2
[11-Nov-2025 13:51:07 Europe/Berlin] [PCU RFID] Database connection successful
[11-Nov-2025 13:54:15 Europe/Berlin] [PCU RFID] Attempting database connection to pcu_rfid2
[11-Nov-2025 13:54:15 Europe/Berlin] [PCU RFID] Database connection successful
[11-Nov-2025 13:56:29 Europe/Berlin] [PCU RFID] Attempting database connection to pcu_rfid2
[11-Nov-2025 13:56:29 Europe/Berlin] [PCU RFID] Database connection successful
[11-Nov-2025 13:56:31 Europe/Berlin] [PCU RFID] Attempting database connection to pcu_rfid2
[11-Nov-2025 13:56:31 Europe/Berlin] [PCU RFID] Database connection successful
[11-Nov-2025 14:10:45 Europe/Berlin] RFID Scanner Output: [00134773788] Length: 11
[11-Nov-2025 14:10:45 Europe/Berlin] [PCU RFID] Attempting database connection to pcu_rfid2
[11-Nov-2025 14:10:45 Europe/Berlin] [PCU RFID] Database connection successful
[11-Nov-2025 14:10:47 Europe/Berlin] [PCU RFID] Attempting database connection to pcu_rfid2
[11-Nov-2025 14:10:47 Europe/Berlin] [PCU RFID] Database connection successful
[11-Nov-2025 14:10:51 Europe/Berlin] [PCU RFID] Attempting database connection to pcu_rfid2
[11-Nov-2025 14:10:51 Europe/Berlin] [PCU RFID] Database connection successful
[11-Nov-2025 14:10:51 Europe/Berlin] [PCU RFID] Attempting database connection to pcu_rfid2
[11-Nov-2025 14:10:51 Europe/Berlin] [PCU RFID] Database connection successful
[11-Nov-2025 14:10:53 Europe/Berlin] [PCU RFID] Attempting database connection to pcu_rfid2
[11-Nov-2025 14:10:53 Europe/Berlin] [PCU RFID] Database connection successful
[11-Nov-2025 14:10:54 Europe/Berlin] [PCU RFID] Attempting database connection to pcu_rfid2
[11-Nov-2025 14:10:54 Europe/Berlin] [PCU RFID] Database connection successful
[11-Nov-2025 14:10:56 Europe/Berlin] [PCU RFID] Attempting database connection to pcu_rfid2
[11-Nov-2025 14:10:56 Europe/Berlin] [PCU RFID] Database connection successful
[11-Nov-2025 14:10:57 Europe/Berlin] [PCU RFID] Attempting database connection to pcu_rfid2
[11-Nov-2025 14:10:57 Europe/Berlin] [PCU RFID] Database connection successful
[13-Nov-2025 13:19:12 Europe/Berlin] [PCU RFID] Attempting database connection to pcu_rfid2
[13-Nov-2025 13:19:12 Europe/Berlin] [PCU RFID] Database connection successful
[13-Nov-2025 13:19:13 Europe/Berlin] [PCU RFID] Attempting database connection to pcu_rfid2
[13-Nov-2025 13:19:13 Europe/Berlin] [PCU RFID] Database connection successful
[13-Nov-2025 13:19:14 Europe/Berlin] [PCU RFID] Attempting database connection to pcu_rfid2
[13-Nov-2025 13:19:14 Europe/Berlin] [PCU RFID] Database connection successful
[13-Nov-2025 13:19:17 Europe/Berlin] [PCU RFID] Attempting database connection to pcu_rfid2
[13-Nov-2025 13:19:17 Europe/Berlin] [PCU RFID] Database connection successful
[13-Nov-2025 13:19:18 Europe/Berlin] [PCU RFID] Attempting database connection to pcu_rfid2
[13-Nov-2025 13:19:18 Europe/Berlin] [PCU RFID] Database connection successful
[13-Nov-2025 13:19:26 Europe/Berlin] [PCU RFID] Attempting database connection to pcu_rfid2
[13-Nov-2025 13:19:26 Europe/Berlin] [PCU RFID] Database connection successful
[13-Nov-2025 13:19:31 Europe/Berlin] [PCU RFID] Attempting database connection to pcu_rfid2
[13-Nov-2025 13:19:31 Europe/Berlin] [PCU RFID] Database connection successful
[13-Nov-2025 13:19:42 Europe/Berlin] [PCU RFID] Attempting database connection to pcu_rfid2
[13-Nov-2025 13:19:42 Europe/Berlin] [PCU RFID] Database connection successful
[13-Nov-2025 13:28:52 Europe/Berlin] [PCU RFID] Attempting database connection to pcu_rfid2
[13-Nov-2025 13:28:52 Europe/Berlin] [PCU RFID] Database connection successful
[13-Nov-2025 13:28:57 Europe/Berlin] [PCU RFID] Attempting database connection to pcu_rfid2
[13-Nov-2025 13:28:57 Europe/Berlin] [PCU RFID] Database connection successful
[13-Nov-2025 13:28:58 Europe/Berlin] [PCU RFID] Attempting database connection to pcu_rfid2
[13-Nov-2025 13:28:58 Europe/Berlin] [PCU RFID] Database connection successful
[13-Nov-2025 13:28:59 Europe/Berlin] [PCU RFID] Attempting database connection to pcu_rfid2
[13-Nov-2025 13:28:59 Europe/Berlin] [PCU RFID] Database connection successful
[13-Nov-2025 13:29:00 Europe/Berlin] [PCU RFID] Attempting database connection to pcu_rfid2
[13-Nov-2025 13:29:00 Europe/Berlin] [PCU RFID] Database connection successful
[13-Nov-2025 13:30:41 Europe/Berlin] [PCU RFID] Attempting database connection to pcu_rfid2
[13-Nov-2025 13:30:41 Europe/Berlin] [PCU RFID] Database connection successful
[13-Nov-2025 13:30:42 Europe/Berlin] [PCU RFID] Attempting database connection to pcu_rfid2
[13-Nov-2025 13:30:42 Europe/Berlin] [PCU RFID] Database connection successful
[13-Nov-2025 13:31:48 Europe/Berlin] [PCU RFID] Attempting database connection to pcu_rfid2
[13-Nov-2025 13:31:48 Europe/Berlin] [PCU RFID] Database connection successful
[13-Nov-2025 13:31:50 Europe/Berlin] [PCU RFID] Attempting database connection to pcu_rfid2
[13-Nov-2025 13:31:50 Europe/Berlin] [PCU RFID] Database connection successful
[13-Nov-2025 13:32:31 Europe/Berlin] [PCU RFID] Attempting database connection to pcu_rfid2
[13-Nov-2025 13:32:31 Europe/Berlin] [PCU RFID] Database connection successful
[13-Nov-2025 13:32:37 Europe/Berlin] [PCU RFID] Attempting database connection to pcu_rfid2
[13-Nov-2025 13:32:37 Europe/Berlin] [PCU RFID] Database connection successful
[13-Nov-2025 13:33:36 Europe/Berlin] [PCU RFID] Attempting database connection to pcu_rfid2
[13-Nov-2025 13:33:37 Europe/Berlin] [PCU RFID] Database connection successful
[13-Nov-2025 13:43:24 Europe/Berlin] [PCU RFID] Attempting database connection to pcu_rfid2
[13-Nov-2025 13:43:24 Europe/Berlin] [PCU RFID] Database connection successful
[13-Nov-2025 13:43:25 Europe/Berlin] [PCU RFID] Attempting database connection to pcu_rfid2
[13-Nov-2025 13:43:25 Europe/Berlin] [PCU RFID] Database connection successful
[13-Nov-2025 13:43:29 Europe/Berlin] [PCU RFID] Attempting database connection to pcu_rfid2
[13-Nov-2025 13:43:29 Europe/Berlin] [PCU RFID] Database connection successful
[13-Nov-2025 13:43:33 Europe/Berlin] [PCU RFID] Attempting database connection to pcu_rfid2
[13-Nov-2025 13:43:33 Europe/Berlin] [PCU RFID] Database connection successful
[13-Nov-2025 13:43:34 Europe/Berlin] [PCU RFID] Attempting database connection to pcu_rfid2
[13-Nov-2025 13:43:34 Europe/Berlin] [PCU RFID] Database connection successful
[13-Nov-2025 13:43:36 Europe/Berlin] [PCU RFID] Attempting database connection to pcu_rfid2
[13-Nov-2025 13:43:36 Europe/Berlin] [PCU RFID] Database connection successful
[13-Nov-2025 13:43:41 Europe/Berlin] [PCU RFID] Attempting database connection to pcu_rfid2
[13-Nov-2025 13:43:41 Europe/Berlin] [PCU RFID] Database connection successful
[13-Nov-2025 13:50:18 Europe/Berlin] [PCU RFID] Attempting database connection to pcu_rfid2
[13-Nov-2025 13:50:18 Europe/Berlin] [PCU RFID] Database connection successful
[13-Nov-2025 13:50:20 Europe/Berlin] [PCU RFID] Attempting database connection to pcu_rfid2
[13-Nov-2025 13:50:20 Europe/Berlin] [PCU RFID] Database connection successful
[13-Nov-2025 13:50:20 Europe/Berlin] [PCU RFID] Attempting database connection to pcu_rfid2
[13-Nov-2025 13:50:20 Europe/Berlin] [PCU RFID] Database connection successful
[13-Nov-2025 13:50:21 Europe/Berlin] [PCU RFID] Attempting database connection to pcu_rfid2
[13-Nov-2025 13:50:21 Europe/Berlin] [PCU RFID] Database connection successful
[13-Nov-2025 13:50:22 Europe/Berlin] [PCU RFID] Attempting database connection to pcu_rfid2
[13-Nov-2025 13:50:22 Europe/Berlin] [PCU RFID] Database connection successful
[13-Nov-2025 13:50:22 Europe/Berlin] [PCU RFID] Attempting database connection to pcu_rfid2
[13-Nov-2025 13:50:22 Europe/Berlin] [PCU RFID] Database connection successful
[13-Nov-2025 13:50:23 Europe/Berlin] [PCU RFID] Attempting database connection to pcu_rfid2
[13-Nov-2025 13:50:23 Europe/Berlin] [PCU RFID] Database connection successful
[13-Nov-2025 13:50:24 Europe/Berlin] [PCU RFID] Attempting database connection to pcu_rfid2
[13-Nov-2025 13:50:24 Europe/Berlin] [PCU RFID] Database connection successful
[13-Nov-2025 13:50:25 Europe/Berlin] [PCU RFID] Attempting database connection to pcu_rfid2
[13-Nov-2025 13:50:25 Europe/Berlin] [PCU RFID] Database connection successful
[13-Nov-2025 13:50:25 Europe/Berlin] [PCU RFID] Attempting database connection to pcu_rfid2
[13-Nov-2025 13:50:25 Europe/Berlin] [PCU RFID] Database connection successful
[13-Nov-2025 13:52:33 Europe/Berlin] [PCU RFID] Attempting database connection to pcu_rfid2
[13-Nov-2025 13:52:33 Europe/Berlin] [PCU RFID] Database connection successful
[13-Nov-2025 13:52:34 Europe/Berlin] [PCU RFID] Attempting database connection to pcu_rfid2
[13-Nov-2025 13:52:34 Europe/Berlin] [PCU RFID] Database connection successful
[13-Nov-2025 13:52:37 Europe/Berlin] [PCU RFID] Attempting database connection to pcu_rfid2
[13-Nov-2025 13:52:37 Europe/Berlin] [PCU RFID] Database connection successful
[13-Nov-2025 13:52:42 Europe/Berlin] [PCU RFID] Attempting database connection to pcu_rfid2
[13-Nov-2025 13:52:42 Europe/Berlin] [PCU RFID] Database connection successful
[13-Nov-2025 13:52:44 Europe/Berlin] [PCU RFID] Attempting database connection to pcu_rfid2
[13-Nov-2025 13:52:44 Europe/Berlin] [PCU RFID] Database connection successful
[13-Nov-2025 13:53:06 Europe/Berlin] [PCU RFID] Attempting database connection to pcu_rfid2
[13-Nov-2025 13:53:06 Europe/Berlin] [PCU RFID] Database connection successful
[13-Nov-2025 13:53:12 Europe/Berlin] [PCU RFID] Attempting database connection to pcu_rfid2
[13-Nov-2025 13:53:12 Europe/Berlin] [PCU RFID] Database connection successful
[13-Nov-2025 13:53:13 Europe/Berlin] [PCU RFID] Attempting database connection to pcu_rfid2
[13-Nov-2025 13:53:13 Europe/Berlin] [PCU RFID] Database connection successful
[13-Nov-2025 13:53:28 Europe/Berlin] [PCU RFID] Attempting database connection to pcu_rfid2
[13-Nov-2025 13:53:28 Europe/Berlin] [PCU RFID] Database connection successful
[13-Nov-2025 13:53:29 Europe/Berlin] [PCU RFID] Attempting database connection to pcu_rfid2
[13-Nov-2025 13:53:29 Europe/Berlin] [PCU RFID] Database connection successful
[13-Nov-2025 13:53:30 Europe/Berlin] [PCU RFID] Attempting database connection to pcu_rfid2
[13-Nov-2025 13:53:30 Europe/Berlin] [PCU RFID] Database connection successful
[13-Nov-2025 13:53:31 Europe/Berlin] [PCU RFID] Attempting database connection to pcu_rfid2
[13-Nov-2025 13:53:31 Europe/Berlin] [PCU RFID] Database connection successful
[13-Nov-2025 13:53:32 Europe/Berlin] [PCU RFID] Attempting database connection to pcu_rfid2
[13-Nov-2025 13:53:32 Europe/Berlin] [PCU RFID] Database connection successful
[13-Nov-2025 13:54:33 Europe/Berlin] [PCU RFID] Attempting database connection to pcu_rfid2
[13-Nov-2025 13:54:33 Europe/Berlin] [PCU RFID] Database connection successful
[16-Nov-2025 01:40:42 Europe/Berlin] [PCU RFID] Attempting database connection to pcu_rfid2
[16-Nov-2025 01:40:42 Europe/Berlin] [PCU RFID] Database connection successful
[16-Nov-2025 01:40:47 Europe/Berlin] [PCU RFID] Attempting database connection to pcu_rfid2
[16-Nov-2025 01:40:47 Europe/Berlin] [PCU RFID] Database connection successful
[16-Nov-2025 01:40:49 Europe/Berlin] [PCU RFID] Attempting database connection to pcu_rfid2
[16-Nov-2025 01:40:49 Europe/Berlin] [PCU RFID] Database connection successful
[16-Nov-2025 01:40:50 Europe/Berlin] [PCU RFID] Attempting database connection to pcu_rfid2
[16-Nov-2025 01:40:50 Europe/Berlin] [PCU RFID] Database connection successful
[16-Nov-2025 01:40:52 Europe/Berlin] [PCU RFID] Attempting database connection to pcu_rfid2
[16-Nov-2025 01:40:52 Europe/Berlin] [PCU RFID] Database connection successful
[16-Nov-2025 01:40:53 Europe/Berlin] [PCU RFID] Attempting database connection to pcu_rfid2
[16-Nov-2025 01:40:53 Europe/Berlin] [PCU RFID] Database connection successful
[16-Nov-2025 01:41:01 Europe/Berlin] [PCU RFID] Attempting database connection to pcu_rfid2
[16-Nov-2025 01:41:01 Europe/Berlin] [PCU RFID] Database connection successful
[16-Nov-2025 01:41:02 Europe/Berlin] [PCU RFID] Attempting database connection to pcu_rfid2
[16-Nov-2025 01:41:02 Europe/Berlin] [PCU RFID] Database connection successful
[16-Nov-2025 01:41:05 Europe/Berlin] [PCU RFID] Attempting database connection to pcu_rfid2
[16-Nov-2025 01:41:05 Europe/Berlin] [PCU RFID] Database connection successful
[16-Nov-2025 01:41:12 Europe/Berlin] [PCU RFID] Attempting database connection to pcu_rfid2
[16-Nov-2025 01:41:12 Europe/Berlin] [PCU RFID] Database connection successful
[16-Nov-2025 01:47:04 Europe/Berlin] [PCU RFID] Attempting database connection to pcu_rfid2
[16-Nov-2025 01:47:04 Europe/Berlin] [PCU RFID] Database connection successful
[16-Nov-2025 01:47:20 Europe/Berlin] [PCU RFID] Attempting database connection to pcu_rfid2
[16-Nov-2025 01:47:20 Europe/Berlin] [PCU RFID] Database connection successful
[16-Nov-2025 01:47:22 Europe/Berlin] [PCU RFID] Attempting database connection to pcu_rfid2
[16-Nov-2025 01:47:22 Europe/Berlin] [PCU RFID] Database connection successful
[16-Nov-2025 01:47:24 Europe/Berlin] [PCU RFID] Attempting database connection to pcu_rfid2
[16-Nov-2025 01:47:24 Europe/Berlin] [PCU RFID] Database connection successful
[16-Nov-2025 01:47:47 Europe/Berlin] [PCU RFID] Attempting database connection to pcu_rfid2
[16-Nov-2025 01:47:47 Europe/Berlin] [PCU RFID] Database connection successful
[16-Nov-2025 01:47:49 Europe/Berlin] [PCU RFID] Attempting database connection to pcu_rfid2
[16-Nov-2025 01:47:49 Europe/Berlin] [PCU RFID] Database connection successful
[16-Nov-2025 01:47:50 Europe/Berlin] [PCU RFID] Attempting database connection to pcu_rfid2
[16-Nov-2025 01:47:50 Europe/Berlin] [PCU RFID] Database connection successful
[16-Nov-2025 01:47:52 Europe/Berlin] [PCU RFID] Attempting database connection to pcu_rfid2
[16-Nov-2025 01:47:52 Europe/Berlin] [PCU RFID] Database connection successful
[16-Nov-2025 01:48:42 Europe/Berlin] [PCU RFID] Attempting database connection to pcu_rfid2
[16-Nov-2025 01:48:42 Europe/Berlin] [PCU RFID] Database connection successful
[16-Nov-2025 01:51:30 Europe/Berlin] [PCU RFID] Attempting database connection to pcu_rfid2
[16-Nov-2025 01:51:30 Europe/Berlin] [PCU RFID] Database connection successful
[16-Nov-2025 01:55:21 Europe/Berlin] [PCU RFID] Attempting database connection to pcu_rfid2
[16-Nov-2025 01:55:21 Europe/Berlin] [PCU RFID] Database connection successful
[16-Nov-2025 01:57:11 Europe/Berlin] [PCU RFID] Attempting database connection to pcu_rfid2
[16-Nov-2025 01:57:11 Europe/Berlin] [PCU RFID] Database connection successful
[16-Nov-2025 01:57:55 Europe/Berlin] [PCU RFID] Attempting database connection to pcu_rfid2
[16-Nov-2025 01:57:55 Europe/Berlin] [PCU RFID] Database connection successful
[16-Nov-2025 01:58:27 Europe/Berlin] [PCU RFID] Attempting database connection to pcu_rfid2
[16-Nov-2025 01:58:27 Europe/Berlin] [PCU RFID] Database connection successful
[16-Nov-2025 01:58:30 Europe/Berlin] [PCU RFID] Attempting database connection to pcu_rfid2
[16-Nov-2025 01:58:30 Europe/Berlin] [PCU RFID] Database connection successful
[16-Nov-2025 01:58:34 Europe/Berlin] [PCU RFID] Attempting database connection to pcu_rfid2
[16-Nov-2025 01:58:34 Europe/Berlin] [PCU RFID] Database connection successful
[16-Nov-2025 01:58:37 Europe/Berlin] [PCU RFID] Attempting database connection to pcu_rfid2
[16-Nov-2025 01:58:37 Europe/Berlin] [PCU RFID] Database connection successful
[16-Nov-2025 02:00:16 Europe/Berlin] [PCU RFID] Attempting database connection to pcu_rfid2
[16-Nov-2025 02:00:16 Europe/Berlin] [PCU RFID] Database connection successful
[16-Nov-2025 02:00:40 Europe/Berlin] [PCU RFID] Attempting database connection to pcu_rfid2
[16-Nov-2025 02:00:40 Europe/Berlin] [PCU RFID] Database connection successful
[16-Nov-2025 02:00:55 Europe/Berlin] [PCU RFID] Attempting database connection to pcu_rfid2
[16-Nov-2025 02:00:55 Europe/Berlin] [PCU RFID] Database connection successful
[16-Nov-2025 02:00:55 Europe/Berlin] [PCU RFID] Attempting database connection to pcu_rfid2
[16-Nov-2025 02:00:55 Europe/Berlin] [PCU RFID] Database connection successful
[16-Nov-2025 02:03:31 Europe/Berlin] [PCU RFID] Attempting database connection to pcu_rfid2
[16-Nov-2025 02:03:31 Europe/Berlin] [PCU RFID] Database connection successful
[16-Nov-2025 02:07:11 Europe/Berlin] [PCU RFID] Attempting database connection to pcu_rfid2
[16-Nov-2025 02:07:11 Europe/Berlin] [PCU RFID] Database connection successful
[16-Nov-2025 02:07:16 Europe/Berlin] [PCU RFID] Attempting database connection to pcu_rfid2
[16-Nov-2025 02:07:16 Europe/Berlin] [PCU RFID] Database connection successful
[16-Nov-2025 02:11:48 Europe/Berlin] [PCU RFID] Attempting database connection to pcu_rfid2
[16-Nov-2025 02:11:48 Europe/Berlin] [PCU RFID] Database connection successful
[16-Nov-2025 02:12:20 Europe/Berlin] [PCU RFID] Attempting database connection to pcu_rfid2
[16-Nov-2025 02:12:20 Europe/Berlin] [PCU RFID] Database connection successful
[16-Nov-2025 02:14:43 Europe/Berlin] [PCU RFID] Attempting database connection to pcu_rfid2
[16-Nov-2025 02:14:43 Europe/Berlin] [PCU RFID] Database connection successful
[16-Nov-2025 02:16:54 Europe/Berlin] [PCU RFID] Attempting database connection to pcu_rfid2
[16-Nov-2025 02:16:54 Europe/Berlin] [PCU RFID] Database connection successful
[16-Nov-2025 02:17:39 Europe/Berlin] [PCU RFID] Attempting database connection to pcu_rfid2
[16-Nov-2025 02:17:39 Europe/Berlin] [PCU RFID] Database connection successful
[16-Nov-2025 02:21:01 Europe/Berlin] [PCU RFID] Attempting database connection to pcu_rfid2
[16-Nov-2025 02:21:02 Europe/Berlin] [PCU RFID] Database connection successful
[16-Nov-2025 02:25:52 Europe/Berlin] [PCU RFID] Attempting database connection to pcu_rfid2
[16-Nov-2025 02:25:52 Europe/Berlin] [PCU RFID] Database connection successful
[16-Nov-2025 02:26:16 Europe/Berlin] [PCU RFID] Attempting database connection to pcu_rfid2
[16-Nov-2025 02:26:16 Europe/Berlin] [PCU RFID] Database connection successful
[16-Nov-2025 02:26:43 Europe/Berlin] [PCU RFID] Attempting database connection to pcu_rfid2
[16-Nov-2025 02:26:43 Europe/Berlin] [PCU RFID] Database connection successful
[16-Nov-2025 02:29:01 Europe/Berlin] [PCU RFID] Attempting database connection to pcu_rfid2
[16-Nov-2025 02:29:01 Europe/Berlin] [PCU RFID] Database connection successful
[16-Nov-2025 02:42:11 Europe/Berlin] [PCU RFID] Attempting database connection to pcu_rfid2
[16-Nov-2025 02:42:11 Europe/Berlin] [PCU RFID] Database connection successful
[16-Nov-2025 02:42:11 Europe/Berlin] [PCU RFID] Attempting database connection to pcu_rfid2
[16-Nov-2025 02:42:11 Europe/Berlin] [PCU RFID] Database connection successful
